{"id":1610464954,"actors":{"44353":{"id":44353,"lastSeenTime":1610464949242,"testSessionId":1610464954,"type":"WEB","tags":[],"_id":"JhMx842rxNIL9b9q","ip":"::ffff:127.0.0.1","tests":[{"currentSegmentIndex":1,"segments":[{"index":0,"status":"completed","timeStarted":1610464955271,"timeCompleted":1610464955275,"result":"passed"},{"index":1,"status":"completed","timeStarted":1610464955283,"timeCompleted":1610464956700,"result":"failed","stackTrace":"java.lang.RuntimeException: There was an error while executing action no. 1 (org.getopentest.selenium.NavigateTo) in segment 1 of test /ZAP-Tests.\nThe action definition was:\n{\n  \"action\": \"org.getopentest.selenium.NavigateTo\",\n  \"args\": {\n    \"url\": \"https://github.com/\"\n  },\n  \"description\": \"Navigate to the Page %%\"\n}\r\n\tat org.getopentest.base.TestActor.executeTestSegment(TestActor.java:2123)\r\n\tat org.getopentest.base.TestActor.runOneSession(TestActor.java:2981)\r\n\tat org.getopentest.base.TestActor.runOneSession(TestActor.java:3017)\r\n\tat org.getopentest.Main.main(Main.java:20)\r\nCaused by: java.lang.RuntimeException: Failed executing action org.getopentest.selenium.NavigateTo with arguments {\"url\":\"https://github.com/\"}\r\n\tat org.getopentest.base.TestActor.executeActionByDef(TestActor.java:1821)\r\n\tat org.getopentest.base.TestActor.executeTestSegment(TestActor.java:2073)\r\n\t... 3 more\r\nCaused by: java.lang.RuntimeException: org.openqa.selenium.SessionNotCreatedException: session not created: This version of ChromeDriver only supports Chrome version 88\nCurrent browser version is 87.0.4280.141 with binary path C:\\Program Files\\Google\\Chrome\\Application\\chrome.exe\nBuild info: version: '3.141.59', revision: 'e82be7d358', time: '2018-11-14T08:17:03'\nSystem info: host: 'DESKTOP-B6TVF8R', ip: '192.168.56.1', os.name: 'Windows 10', os.arch: 'amd64', os.version: '10.0', java.version: '11.0.8'\nDriver info: driver.version: ChromeDriver\nremote stacktrace: Backtrace:\n\tGetHandleVerifier [0x00998A43+483]\n\tGetHandleVerifier [0x00998A21+449]\n\tGetHandleVerifier [0x00D413C8+3836776]\n\tGetHandleVerifier [0x00D5B73A+3944154]\n\tGetHandleVerifier [0x00D57B9A+3928890]\n\tGetHandleVerifier [0x00D55E7C+3921436]\n\tGetHandleVerifier [0x00D7C89E+4079678]\n\tGetHandleVerifier [0x00D7C60C+4079020]\n\tGetHandleVerifier [0x00D7938B+4066091]\n\tGetHandleVerifier [0x00D5CDB4+3949908]\n\tGetHandleVerifier [0x00D5DC6E+3953678]\n\tGetHandleVerifier [0x00D5DBF9+3953561]\n\tOrdinal0 [0x00966A8C+92812]\n\tOrdinal0 [0x00960572+66930]\n\tOrdinal0 [0x00960142+65858]\n\tGetHandleVerifier [0x00C647B8+2932568]\n\tGetHandleVerifier [0x00AA12EE+1084046]\n\tGetHandleVerifier [0x00A58B3D+787165]\n\tGetHandleVerifier [0x00A5855B+785659]\n\tGetHandleVerifier [0x00A58471+785425]\n\tGetHandleVerifier [0x00A8B7B3+995155]\n\tBaseThreadInitThunk [0x761BFA29+25]\n\tRtlGetAppContainerNamedObjectPath [0x779975F4+228]\n\tRtlGetAppContainerNamedObjectPath [0x779975C4+180]\n\r\n\tat org.getopentest.base.TestActor.executeActionByClassName(TestActor.java:1626)\r\n\tat org.getopentest.base.TestActor.executeActionByDef(TestActor.java:1705)\r\n\t... 4 more\r\nCaused by: org.openqa.selenium.SessionNotCreatedException: session not created: This version of ChromeDriver only supports Chrome version 88\nCurrent browser version is 87.0.4280.141 with binary path C:\\Program Files\\Google\\Chrome\\Application\\chrome.exe\nBuild info: version: '3.141.59', revision: 'e82be7d358', time: '2018-11-14T08:17:03'\nSystem info: host: 'DESKTOP-B6TVF8R', ip: '192.168.56.1', os.name: 'Windows 10', os.arch: 'amd64', os.version: '10.0', java.version: '11.0.8'\nDriver info: driver.version: ChromeDriver\nremote stacktrace: Backtrace:\n\tGetHandleVerifier [0x00998A43+483]\n\tGetHandleVerifier [0x00998A21+449]\n\tGetHandleVerifier [0x00D413C8+3836776]\n\tGetHandleVerifier [0x00D5B73A+3944154]\n\tGetHandleVerifier [0x00D57B9A+3928890]\n\tGetHandleVerifier [0x00D55E7C+3921436]\n\tGetHandleVerifier [0x00D7C89E+4079678]\n\tGetHandleVerifier [0x00D7C60C+4079020]\n\tGetHandleVerifier [0x00D7938B+4066091]\n\tGetHandleVerifier [0x00D5CDB4+3949908]\n\tGetHandleVerifier [0x00D5DC6E+3953678]\n\tGetHandleVerifier [0x00D5DBF9+3953561]\n\tOrdinal0 [0x00966A8C+92812]\n\tOrdinal0 [0x00960572+66930]\n\tOrdinal0 [0x00960142+65858]\n\tGetHandleVerifier [0x00C647B8+2932568]\n\tGetHandleVerifier [0x00AA12EE+1084046]\n\tGetHandleVerifier [0x00A58B3D+787165]\n\tGetHandleVerifier [0x00A5855B+785659]\n\tGetHandleVerifier [0x00A58471+785425]\n\tGetHandleVerifier [0x00A8B7B3+995155]\n\tBaseThreadInitThunk [0x761BFA29+25]\n\tRtlGetAppContainerNamedObjectPath [0x779975F4+228]\n\tRtlGetAppContainerNamedObjectPath [0x779975C4+180]\n\r\n\tat java.base/jdk.internal.reflect.NativeConstructorAccessorImpl.newInstance0(Native Method)\r\n\tat java.base/jdk.internal.reflect.NativeConstructorAccessorImpl.newInstance(NativeConstructorAccessorImpl.java:62)\r\n\tat java.base/jdk.internal.reflect.DelegatingConstructorAccessorImpl.newInstance(DelegatingConstructorAccessorImpl.java:45)\r\n\tat java.base/java.lang.reflect.Constructor.newInstance(Constructor.java:490)\r\n\tat org.openqa.selenium.remote.W3CHandshakeResponse.lambda$errorHandler$0(W3CHandshakeResponse.java:62)\r\n\tat org.openqa.selenium.remote.HandshakeResponse.lambda$getResponseFunction$0(HandshakeResponse.java:30)\r\n\tat org.openqa.selenium.remote.ProtocolHandshake.lambda$createSession$0(ProtocolHandshake.java:126)\r\n\tat java.base/java.util.stream.ReferencePipeline$3$1.accept(ReferencePipeline.java:195)\r\n\tat java.base/java.util.Spliterators$ArraySpliterator.tryAdvance(Spliterators.java:958)\r\n\tat java.base/java.util.stream.ReferencePipeline.forEachWithCancel(ReferencePipeline.java:127)\r\n\tat java.base/java.util.stream.AbstractPipeline.copyIntoWithCancel(AbstractPipeline.java:502)\r\n\tat java.base/java.util.stream.AbstractPipeline.copyInto(AbstractPipeline.java:488)\r\n\tat java.base/java.util.stream.AbstractPipeline.wrapAndCopyInto(AbstractPipeline.java:474)\r\n\tat java.base/java.util.stream.FindOps$FindOp.evaluateSequential(FindOps.java:150)\r\n\tat java.base/java.util.stream.AbstractPipeline.evaluate(AbstractPipeline.java:234)\r\n\tat java.base/java.util.stream.ReferencePipeline.findFirst(ReferencePipeline.java:543)\r\n\tat org.openqa.selenium.remote.ProtocolHandshake.createSession(ProtocolHandshake.java:128)\r\n\tat org.openqa.selenium.remote.ProtocolHandshake.createSession(ProtocolHandshake.java:74)\r\n\tat org.openqa.selenium.remote.HttpCommandExecutor.execute(HttpCommandExecutor.java:136)\r\n\tat org.openqa.selenium.remote.service.DriverCommandExecutor.execute(DriverCommandExecutor.java:83)\r\n\tat org.openqa.selenium.remote.RemoteWebDriver.execute(RemoteWebDriver.java:552)\r\n\tat org.openqa.selenium.remote.RemoteWebDriver.startSession(RemoteWebDriver.java:213)\r\n\tat org.openqa.selenium.remote.RemoteWebDriver.<init>(RemoteWebDriver.java:131)\r\n\tat org.openqa.selenium.chrome.ChromeDriver.<init>(ChromeDriver.java:181)\r\n\tat org.openqa.selenium.chrome.ChromeDriver.<init>(ChromeDriver.java:168)\r\n\tat org.openqa.selenium.chrome.ChromeDriver.<init>(ChromeDriver.java:157)\r\n\tat org.getopentest.selenium.core.SeleniumHelper.createDriver(SeleniumHelper.java:91)\r\n\tat org.getopentest.selenium.core.SeleniumHelper.getDriver(SeleniumHelper.java:237)\r\n\tat org.getopentest.selenium.core.SeleniumTestAction.initialize(SeleniumTestAction.java:203)\r\n\tat org.getopentest.base.TestActor.executeAction(TestActor.java:1509)\r\n\tat org.getopentest.base.TestActor.executeActionByClassName(TestActor.java:1603)\r\n\t... 5 more\r\n"}],"name":"ZAP-Tests","path":"","timeCompleted":null,"timeStarted":1610464955271}]}},"maxIterations":"1","currentIteration":1,"currentTestIndex":1,"currentSegmentIndex":0,"label":"ZAP-Tests","result":"failed","status":"completed","tests":[{"actions":[{"action":"org.getopentest.selenium.NavigateTo","actorType":"WEB","args":{"url":"https://github.com/"},"isCheckpoint":false,"description":"Navigate to the Page %%","durationMs":1405,"macroStack":[],"result":"failed","segment":1,"stackTrace":"java.lang.RuntimeException: org.openqa.selenium.SessionNotCreatedException: session not created: This version of ChromeDriver only supports Chrome version 88\nCurrent browser version is 87.0.4280.141 with binary path C:\\Program Files\\Google\\Chrome\\Application\\chrome.exe\nBuild info: version: '3.141.59', revision: 'e82be7d358', time: '2018-11-14T08:17:03'\nSystem info: host: 'DESKTOP-B6TVF8R', ip: '192.168.56.1', os.name: 'Windows 10', os.arch: 'amd64', os.version: '10.0', java.version: '11.0.8'\nDriver info: driver.version: ChromeDriver\nremote stacktrace: Backtrace:\n\tGetHandleVerifier [0x00998A43+483]\n\tGetHandleVerifier [0x00998A21+449]\n\tGetHandleVerifier [0x00D413C8+3836776]\n\tGetHandleVerifier [0x00D5B73A+3944154]\n\tGetHandleVerifier [0x00D57B9A+3928890]\n\tGetHandleVerifier [0x00D55E7C+3921436]\n\tGetHandleVerifier [0x00D7C89E+4079678]\n\tGetHandleVerifier [0x00D7C60C+4079020]\n\tGetHandleVerifier [0x00D7938B+4066091]\n\tGetHandleVerifier [0x00D5CDB4+3949908]\n\tGetHandleVerifier [0x00D5DC6E+3953678]\n\tGetHandleVerifier [0x00D5DBF9+3953561]\n\tOrdinal0 [0x00966A8C+92812]\n\tOrdinal0 [0x00960572+66930]\n\tOrdinal0 [0x00960142+65858]\n\tGetHandleVerifier [0x00C647B8+2932568]\n\tGetHandleVerifier [0x00AA12EE+1084046]\n\tGetHandleVerifier [0x00A58B3D+787165]\n\tGetHandleVerifier [0x00A5855B+785659]\n\tGetHandleVerifier [0x00A58471+785425]\n\tGetHandleVerifier [0x00A8B7B3+995155]\n\tBaseThreadInitThunk [0x761BFA29+25]\n\tRtlGetAppContainerNamedObjectPath [0x779975F4+228]\n\tRtlGetAppContainerNamedObjectPath [0x779975C4+180]\n\r\n\tat org.getopentest.base.TestActor.executeActionByClassName(TestActor.java:1626)\r\n\tat org.getopentest.base.TestActor.executeActionByDef(TestActor.java:1705)\r\n\tat org.getopentest.base.TestActor.executeTestSegment(TestActor.java:2073)\r\n\tat org.getopentest.base.TestActor.runOneSession(TestActor.java:2981)\r\n\tat org.getopentest.base.TestActor.runOneSession(TestActor.java:3017)\r\n\tat org.getopentest.Main.main(Main.java:20)\r\nCaused by: org.openqa.selenium.SessionNotCreatedException: session not created: This version of ChromeDriver only supports Chrome version 88\nCurrent browser version is 87.0.4280.141 with binary path C:\\Program Files\\Google\\Chrome\\Application\\chrome.exe\nBuild info: version: '3.141.59', revision: 'e82be7d358', time: '2018-11-14T08:17:03'\nSystem info: host: 'DESKTOP-B6TVF8R', ip: '192.168.56.1', os.name: 'Windows 10', os.arch: 'amd64', os.version: '10.0', java.version: '11.0.8'\nDriver info: driver.version: ChromeDriver\nremote stacktrace: Backtrace:\n\tGetHandleVerifier [0x00998A43+483]\n\tGetHandleVerifier [0x00998A21+449]\n\tGetHandleVerifier [0x00D413C8+3836776]\n\tGetHandleVerifier [0x00D5B73A+3944154]\n\tGetHandleVerifier [0x00D57B9A+3928890]\n\tGetHandleVerifier [0x00D55E7C+3921436]\n\tGetHandleVerifier [0x00D7C89E+4079678]\n\tGetHandleVerifier [0x00D7C60C+4079020]\n\tGetHandleVerifier [0x00D7938B+4066091]\n\tGetHandleVerifier [0x00D5CDB4+3949908]\n\tGetHandleVerifier [0x00D5DC6E+3953678]\n\tGetHandleVerifier [0x00D5DBF9+3953561]\n\tOrdinal0 [0x00966A8C+92812]\n\tOrdinal0 [0x00960572+66930]\n\tOrdinal0 [0x00960142+65858]\n\tGetHandleVerifier [0x00C647B8+2932568]\n\tGetHandleVerifier [0x00AA12EE+1084046]\n\tGetHandleVerifier [0x00A58B3D+787165]\n\tGetHandleVerifier [0x00A5855B+785659]\n\tGetHandleVerifier [0x00A58471+785425]\n\tGetHandleVerifier [0x00A8B7B3+995155]\n\tBaseThreadInitThunk [0x761BFA29+25]\n\tRtlGetAppContainerNamedObjectPath [0x779975F4+228]\n\tRtlGetAppContainerNamedObjectPath [0x779975C4+180]\n\r\n\tat java.base/jdk.internal.reflect.NativeConstructorAccessorImpl.newInstance0(Native Method)\r\n\tat java.base/jdk.internal.reflect.NativeConstructorAccessorImpl.newInstance(NativeConstructorAccessorImpl.java:62)\r\n\tat java.base/jdk.internal.reflect.DelegatingConstructorAccessorImpl.newInstance(DelegatingConstructorAccessorImpl.java:45)\r\n\tat java.base/java.lang.reflect.Constructor.newInstance(Constructor.java:490)\r\n\tat org.openqa.selenium.remote.W3CHandshakeResponse.lambda$errorHandler$0(W3CHandshakeResponse.java:62)\r\n\tat org.openqa.selenium.remote.HandshakeResponse.lambda$getResponseFunction$0(HandshakeResponse.java:30)\r\n\tat org.openqa.selenium.remote.ProtocolHandshake.lambda$createSession$0(ProtocolHandshake.java:126)\r\n\tat java.base/java.util.stream.ReferencePipeline$3$1.accept(ReferencePipeline.java:195)\r\n\tat java.base/java.util.Spliterators$ArraySpliterator.tryAdvance(Spliterators.java:958)\r\n\tat java.base/java.util.stream.ReferencePipeline.forEachWithCancel(ReferencePipeline.java:127)\r\n\tat java.base/java.util.stream.AbstractPipeline.copyIntoWithCancel(AbstractPipeline.java:502)\r\n\tat java.base/java.util.stream.AbstractPipeline.copyInto(AbstractPipeline.java:488)\r\n\tat java.base/java.util.stream.AbstractPipeline.wrapAndCopyInto(AbstractPipeline.java:474)\r\n\tat java.base/java.util.stream.FindOps$FindOp.evaluateSequential(FindOps.java:150)\r\n\tat java.base/java.util.stream.AbstractPipeline.evaluate(AbstractPipeline.java:234)\r\n\tat java.base/java.util.stream.ReferencePipeline.findFirst(ReferencePipeline.java:543)\r\n\tat org.openqa.selenium.remote.ProtocolHandshake.createSession(ProtocolHandshake.java:128)\r\n\tat org.openqa.selenium.remote.ProtocolHandshake.createSession(ProtocolHandshake.java:74)\r\n\tat org.openqa.selenium.remote.HttpCommandExecutor.execute(HttpCommandExecutor.java:136)\r\n\tat org.openqa.selenium.remote.service.DriverCommandExecutor.execute(DriverCommandExecutor.java:83)\r\n\tat org.openqa.selenium.remote.RemoteWebDriver.execute(RemoteWebDriver.java:552)\r\n\tat org.openqa.selenium.remote.RemoteWebDriver.startSession(RemoteWebDriver.java:213)\r\n\tat org.openqa.selenium.remote.RemoteWebDriver.<init>(RemoteWebDriver.java:131)\r\n\tat org.openqa.selenium.chrome.ChromeDriver.<init>(ChromeDriver.java:181)\r\n\tat org.openqa.selenium.chrome.ChromeDriver.<init>(ChromeDriver.java:168)\r\n\tat org.openqa.selenium.chrome.ChromeDriver.<init>(ChromeDriver.java:157)\r\n\tat org.getopentest.selenium.core.SeleniumHelper.createDriver(SeleniumHelper.java:91)\r\n\tat org.getopentest.selenium.core.SeleniumHelper.getDriver(SeleniumHelper.java:237)\r\n\tat org.getopentest.selenium.core.SeleniumTestAction.initialize(SeleniumTestAction.java:203)\r\n\tat org.getopentest.base.TestActor.executeAction(TestActor.java:1509)\r\n\tat org.getopentest.base.TestActor.executeActionByClassName(TestActor.java:1603)\r\n\t... 5 more\r\n"}],"currentIteration":1,"currentSegmentIndex":0,"isDataDriven":false,"name":"ZAP-Tests","path":"","result":"failed","status":"completed","segments":[{"index":0,"result":"passed","status":"completed","timeStarted":1610464955271,"timeCompleted":1610464955275},{"index":1,"result":"failed","status":"completed","timeStarted":1610464955283,"timeCompleted":1610464956700}],"tags":[],"timeStarted":1610464955271,"timeCompleted":1610464956700}],"timeCreated":1610464954032,"timeStarted":1610464955271,"timeCompleted":1610464956701,"lastActivity":1610464956700,"_id":"E924zBMh5BDZVPch","actorTags":[],"environment":"","currentDataRecordIndex":-1}
{"id":1610470790,"actors":{"18533":{"id":18533,"lastSeenTime":1610470785327,"testSessionId":1610470790,"type":"WEB","tags":[],"_id":"btKxdRofcrJ4w9t2","ip":"::ffff:127.0.0.1","tests":[{"currentSegmentIndex":1,"segments":[{"index":0,"status":"completed","timeStarted":1610470791287,"timeCompleted":1610470791290,"result":"passed"},{"index":1,"status":"completed","timeStarted":1610470791298,"timeCompleted":1610470796830,"result":"passed"}],"name":"0","path":"","timeCompleted":null,"timeStarted":1610470791287},{"currentSegmentIndex":1,"segments":[{"index":0,"status":"completed","timeStarted":1610470798018,"timeCompleted":1610470798020,"result":"passed"},{"index":1,"status":"completed","timeStarted":1610470798028,"timeCompleted":1610470803266,"result":"passed"}],"name":"1","path":"","timeCompleted":null,"timeStarted":1610470798018},{"currentSegmentIndex":1,"segments":[{"index":0,"status":"completed","timeStarted":1610470804450,"timeCompleted":1610470804452,"result":"passed"},{"index":1,"status":"completed","timeStarted":1610470804460,"timeCompleted":1610470809710,"result":"passed"}],"name":"10","path":"","timeCompleted":null,"timeStarted":1610470804450},{"currentSegmentIndex":1,"segments":[{"index":0,"status":"completed","timeStarted":1610470810891,"timeCompleted":1610470810893,"result":"passed"},{"index":1,"status":"completed","timeStarted":1610470810901,"timeCompleted":1610470816084,"result":"passed"}],"name":"11","path":"","timeCompleted":null,"timeStarted":1610470810891},{"currentSegmentIndex":1,"segments":[{"index":0,"status":"completed","timeStarted":1610470817252,"timeCompleted":1610470817255,"result":"passed"},{"index":1,"status":"completed","timeStarted":1610470817263,"timeCompleted":1610470822519,"result":"passed"}],"name":"2","path":"","timeCompleted":null,"timeStarted":1610470817252},{"currentSegmentIndex":1,"segments":[{"index":0,"status":"completed","timeStarted":1610470823678,"timeCompleted":1610470823682,"result":"passed"},{"index":1,"status":"completed","timeStarted":1610470823689,"timeCompleted":1610470829228,"result":"passed"}],"name":"3","path":"","timeCompleted":null,"timeStarted":1610470823678},{"currentSegmentIndex":1,"segments":[{"index":0,"status":"completed","timeStarted":1610470830403,"timeCompleted":1610470830405,"result":"passed"},{"index":1,"status":"completed","timeStarted":1610470830416,"timeCompleted":1610470835633,"result":"passed"}],"name":"4","path":"","timeCompleted":null,"timeStarted":1610470830403},{"currentSegmentIndex":1,"segments":[{"index":0,"status":"completed","timeStarted":1610470836788,"timeCompleted":1610470836791,"result":"passed"},{"index":1,"status":"completed","timeStarted":1610470836799,"timeCompleted":1610470842097,"result":"passed"}],"name":"5","path":"","timeCompleted":null,"timeStarted":1610470836788},{"currentSegmentIndex":1,"segments":[{"index":0,"status":"completed","timeStarted":1610470843258,"timeCompleted":1610470843261,"result":"passed"},{"index":1,"status":"completed","timeStarted":1610470843268,"timeCompleted":1610470848495,"result":"passed"}],"name":"6","path":"","timeCompleted":null,"timeStarted":1610470843258},{"currentSegmentIndex":1,"segments":[{"index":0,"status":"completed","timeStarted":1610470849674,"timeCompleted":1610470849678,"result":"passed"},{"index":1,"status":"completed","timeStarted":1610470849686,"timeCompleted":1610470854909,"result":"passed"}],"name":"7","path":"","timeCompleted":null,"timeStarted":1610470849674},{"currentSegmentIndex":1,"segments":[{"index":0,"status":"completed","timeStarted":1610470856068,"timeCompleted":1610470856072,"result":"passed"},{"index":1,"status":"completed","timeStarted":1610470856079,"timeCompleted":1610470861273,"result":"passed"}],"name":"8","path":"","timeCompleted":null,"timeStarted":1610470856068},{"currentSegmentIndex":1,"segments":[{"index":0,"status":"completed","timeStarted":1610470862439,"timeCompleted":1610470862442,"result":"passed"},{"index":1,"status":"completed","timeStarted":1610470862451,"timeCompleted":1610470867746,"result":"passed"}],"name":"9","path":"","timeCompleted":null,"timeStarted":1610470862439}]}},"maxIterations":"1","currentIteration":1,"currentTestIndex":12,"currentSegmentIndex":0,"label":"Test","result":"passed","status":"completed","tests":[{"actions":[{"action":"org.getopentest.selenium.NavigateTo","actorType":"WEB","args":{"url":"http://localhost:3000/"},"isCheckpoint":false,"description":"Navigate to the Page http://localhost:3000/","durationMs":5525,"macroStack":[],"result":"passed","segment":1}],"currentIteration":1,"currentSegmentIndex":0,"isDataDriven":false,"name":"0","path":"","result":"passed","status":"completed","segments":[{"index":0,"result":"passed","status":"completed","timeStarted":1610470791287,"timeCompleted":1610470791290},{"index":1,"result":"passed","status":"completed","timeStarted":1610470791298,"timeCompleted":1610470796830}],"tags":[],"timeStarted":1610470791287,"timeCompleted":1610470796830},{"actions":[{"action":"org.getopentest.selenium.NavigateTo","actorType":"WEB","args":{"url":"http://localhost:3000/robots.txt"},"isCheckpoint":false,"description":"Navigate to the Page http://localhost:3000/robots.txt","durationMs":5230,"macroStack":[],"result":"passed","segment":1}],"currentIteration":1,"currentSegmentIndex":0,"isDataDriven":false,"name":"1","path":"","result":"passed","status":"completed","segments":[{"index":0,"result":"passed","status":"completed","timeStarted":1610470798018,"timeCompleted":1610470798020},{"index":1,"result":"passed","status":"completed","timeStarted":1610470798028,"timeCompleted":1610470803266}],"tags":[],"timeStarted":1610470798018,"timeCompleted":1610470803266},{"actions":[{"action":"org.getopentest.selenium.NavigateTo","actorType":"WEB","args":{"url":"http://localhost:3000/js/ng/"},"isCheckpoint":false,"description":"Navigate to the Page http://localhost:3000/js/ng/","durationMs":5241,"macroStack":[],"result":"passed","segment":1}],"currentIteration":1,"currentSegmentIndex":0,"isDataDriven":false,"name":"10","path":"","result":"passed","status":"completed","segments":[{"index":0,"result":"passed","status":"completed","timeStarted":1610470804450,"timeCompleted":1610470804452},{"index":1,"result":"passed","status":"completed","timeStarted":1610470804460,"timeCompleted":1610470809710}],"tags":[],"timeStarted":1610470804450,"timeCompleted":1610470809710},{"actions":[{"action":"org.getopentest.selenium.NavigateTo","actorType":"WEB","args":{"url":"http://localhost:3000/js/lib/"},"isCheckpoint":false,"description":"Navigate to the Page http://localhost:3000/js/lib/","durationMs":5174,"macroStack":[],"result":"passed","segment":1}],"currentIteration":1,"currentSegmentIndex":0,"isDataDriven":false,"name":"11","path":"","result":"passed","status":"completed","segments":[{"index":0,"result":"passed","status":"completed","timeStarted":1610470810891,"timeCompleted":1610470810893},{"index":1,"result":"passed","status":"completed","timeStarted":1610470810901,"timeCompleted":1610470816084}],"tags":[],"timeStarted":1610470810891,"timeCompleted":1610470816084},{"actions":[{"action":"org.getopentest.selenium.NavigateTo","actorType":"WEB","args":{"url":"http://localhost:3000/sitemap.xml"},"isCheckpoint":false,"description":"Navigate to the Page http://localhost:3000/sitemap.xml","durationMs":5248,"macroStack":[],"result":"passed","segment":1}],"currentIteration":1,"currentSegmentIndex":0,"isDataDriven":false,"name":"2","path":"","result":"passed","status":"completed","segments":[{"index":0,"result":"passed","status":"completed","timeStarted":1610470817252,"timeCompleted":1610470817255},{"index":1,"result":"passed","status":"completed","timeStarted":1610470817263,"timeCompleted":1610470822519}],"tags":[],"timeStarted":1610470817252,"timeCompleted":1610470822519},{"actions":[{"action":"org.getopentest.selenium.NavigateTo","actorType":"WEB","args":{"url":"http://localhost:3000"},"isCheckpoint":false,"description":"Navigate to the Page http://localhost:3000","durationMs":5533,"macroStack":[],"result":"passed","segment":1}],"currentIteration":1,"currentSegmentIndex":0,"isDataDriven":false,"name":"3","path":"","result":"passed","status":"completed","segments":[{"index":0,"result":"passed","status":"completed","timeStarted":1610470823678,"timeCompleted":1610470823682},{"index":1,"result":"passed","status":"completed","timeStarted":1610470823689,"timeCompleted":1610470829228}],"tags":[],"timeStarted":1610470823678,"timeCompleted":1610470829228},{"actions":[{"action":"org.getopentest.selenium.NavigateTo","actorType":"WEB","args":{"url":"http://localhost:3000/session/%7B%7BtestSession.id%7D%7D"},"isCheckpoint":false,"description":"Navigate to the Page http://localhost:3000/session/%7B%7BtestSession.id%7D%7D","durationMs":5207,"macroStack":[],"result":"passed","segment":1}],"currentIteration":1,"currentSegmentIndex":0,"isDataDriven":false,"name":"4","path":"","result":"passed","status":"completed","segments":[{"index":0,"result":"passed","status":"completed","timeStarted":1610470830403,"timeCompleted":1610470830405},{"index":1,"result":"passed","status":"completed","timeStarted":1610470830416,"timeCompleted":1610470835633}],"tags":[],"timeStarted":1610470830403,"timeCompleted":1610470835633},{"actions":[{"action":"org.getopentest.selenium.NavigateTo","actorType":"WEB","args":{"url":"http://localhost:3000/session"},"isCheckpoint":false,"description":"Navigate to the Page http://localhost:3000/session","durationMs":5289,"macroStack":[],"result":"passed","segment":1}],"currentIteration":1,"currentSegmentIndex":0,"isDataDriven":false,"name":"5","path":"","result":"passed","status":"completed","segments":[{"index":0,"result":"passed","status":"completed","timeStarted":1610470836788,"timeCompleted":1610470836791},{"index":1,"result":"passed","status":"completed","timeStarted":1610470836799,"timeCompleted":1610470842097}],"tags":[],"timeStarted":1610470836788,"timeCompleted":1610470842097},{"actions":[{"action":"org.getopentest.selenium.NavigateTo","actorType":"WEB","args":{"url":"http://localhost:3000/socket.io"},"isCheckpoint":false,"description":"Navigate to the Page http://localhost:3000/socket.io","durationMs":5219,"macroStack":[],"result":"passed","segment":1}],"currentIteration":1,"currentSegmentIndex":0,"isDataDriven":false,"name":"6","path":"","result":"passed","status":"completed","segments":[{"index":0,"result":"passed","status":"completed","timeStarted":1610470843258,"timeCompleted":1610470843261},{"index":1,"result":"passed","status":"completed","timeStarted":1610470843268,"timeCompleted":1610470848495}],"tags":[],"timeStarted":1610470843258,"timeCompleted":1610470848495},{"actions":[{"action":"org.getopentest.selenium.NavigateTo","actorType":"WEB","args":{"url":"http://localhost:3000/css/"},"isCheckpoint":false,"description":"Navigate to the Page http://localhost:3000/css/","durationMs":5215,"macroStack":[],"result":"passed","segment":1}],"currentIteration":1,"currentSegmentIndex":0,"isDataDriven":false,"name":"7","path":"","result":"passed","status":"completed","segments":[{"index":0,"result":"passed","status":"completed","timeStarted":1610470849674,"timeCompleted":1610470849678},{"index":1,"result":"passed","status":"completed","timeStarted":1610470849686,"timeCompleted":1610470854909}],"tags":[],"timeStarted":1610470849674,"timeCompleted":1610470854909},{"actions":[{"action":"org.getopentest.selenium.NavigateTo","actorType":"WEB","args":{"url":"http://localhost:3000/js/"},"isCheckpoint":false,"description":"Navigate to the Page http://localhost:3000/js/","durationMs":5185,"macroStack":[],"result":"passed","segment":1}],"currentIteration":1,"currentSegmentIndex":0,"isDataDriven":false,"name":"8","path":"","result":"passed","status":"completed","segments":[{"index":0,"result":"passed","status":"completed","timeStarted":1610470856068,"timeCompleted":1610470856072},{"index":1,"result":"passed","status":"completed","timeStarted":1610470856079,"timeCompleted":1610470861273}],"tags":[],"timeStarted":1610470856068,"timeCompleted":1610470861273},{"actions":[{"action":"org.getopentest.selenium.NavigateTo","actorType":"WEB","args":{"url":"http://localhost:3000/img/"},"isCheckpoint":false,"description":"Navigate to the Page http://localhost:3000/img/","durationMs":5283,"macroStack":[],"result":"passed","segment":1}],"currentIteration":1,"currentSegmentIndex":0,"isDataDriven":false,"name":"9","path":"","result":"passed","status":"completed","segments":[{"index":0,"result":"passed","status":"completed","timeStarted":1610470862439,"timeCompleted":1610470862442},{"index":1,"result":"passed","status":"completed","timeStarted":1610470862451,"timeCompleted":1610470867746}],"tags":[],"timeStarted":1610470862439,"timeCompleted":1610470867746}],"timeCreated":1610470789791,"timeStarted":1610470791287,"timeCompleted":1610470867747,"lastActivity":1610470867745,"_id":"TLm7YFpWvPzK1pZo","actorTags":[],"environment":"","currentDataRecordIndex":-1}
{"id":1610464991,"actors":{"44353":{"id":44353,"lastSeenTime":1610464989327,"testSessionId":1610464991,"type":"WEB","tags":[],"_id":"JhMx842rxNIL9b9q","ip":"::ffff:127.0.0.1","tests":[{"currentSegmentIndex":1,"segments":[{"index":0,"status":"completed","timeStarted":1610464994689,"timeCompleted":1610464994692,"result":"passed"},{"index":1,"status":"completed","timeStarted":1610464994702,"timeCompleted":1610464995741,"result":"failed","stackTrace":"java.lang.RuntimeException: There was an error while executing action no. 1 (org.getopentest.selenium.NavigateTo) in segment 1 of test /ZAP-Tests.\nThe action definition was:\n{\n  \"action\": \"org.getopentest.selenium.NavigateTo\",\n  \"args\": {\n    \"url\": \"https://github.com/\"\n  },\n  \"description\": \"Navigate to the Page xx\"\n}\r\n\tat org.getopentest.base.TestActor.executeTestSegment(TestActor.java:2123)\r\n\tat org.getopentest.base.TestActor.runOneSession(TestActor.java:2981)\r\n\tat org.getopentest.base.TestActor.runOneSession(TestActor.java:3017)\r\n\tat org.getopentest.Main.main(Main.java:20)\r\nCaused by: java.lang.RuntimeException: Failed executing action org.getopentest.selenium.NavigateTo with arguments {\"url\":\"https://github.com/\"}\r\n\tat org.getopentest.base.TestActor.executeActionByDef(TestActor.java:1821)\r\n\tat org.getopentest.base.TestActor.executeTestSegment(TestActor.java:2073)\r\n\t... 3 more\r\nCaused by: java.lang.RuntimeException: org.openqa.selenium.SessionNotCreatedException: session not created: This version of ChromeDriver only supports Chrome version 88\nCurrent browser version is 87.0.4280.141 with binary path C:\\Program Files\\Google\\Chrome\\Application\\chrome.exe\nBuild info: version: '3.141.59', revision: 'e82be7d358', time: '2018-11-14T08:17:03'\nSystem info: host: 'DESKTOP-B6TVF8R', ip: '192.168.56.1', os.name: 'Windows 10', os.arch: 'amd64', os.version: '10.0', java.version: '11.0.8'\nDriver info: driver.version: ChromeDriver\nremote stacktrace: Backtrace:\n\tGetHandleVerifier [0x00998A43+483]\n\tGetHandleVerifier [0x00998A21+449]\n\tGetHandleVerifier [0x00D413C8+3836776]\n\tGetHandleVerifier [0x00D5B73A+3944154]\n\tGetHandleVerifier [0x00D57B9A+3928890]\n\tGetHandleVerifier [0x00D55E7C+3921436]\n\tGetHandleVerifier [0x00D7C89E+4079678]\n\tGetHandleVerifier [0x00D7C60C+4079020]\n\tGetHandleVerifier [0x00D7938B+4066091]\n\tGetHandleVerifier [0x00D5CDB4+3949908]\n\tGetHandleVerifier [0x00D5DC6E+3953678]\n\tGetHandleVerifier [0x00D5DBF9+3953561]\n\tOrdinal0 [0x00966A8C+92812]\n\tOrdinal0 [0x00960572+66930]\n\tOrdinal0 [0x00960142+65858]\n\tGetHandleVerifier [0x00C647B8+2932568]\n\tGetHandleVerifier [0x00AA12EE+1084046]\n\tGetHandleVerifier [0x00A58B3D+787165]\n\tGetHandleVerifier [0x00A5855B+785659]\n\tGetHandleVerifier [0x00A58471+785425]\n\tGetHandleVerifier [0x00A8B7B3+995155]\n\tBaseThreadInitThunk [0x761BFA29+25]\n\tRtlGetAppContainerNamedObjectPath [0x779975F4+228]\n\tRtlGetAppContainerNamedObjectPath [0x779975C4+180]\n\r\n\tat org.getopentest.base.TestActor.executeActionByClassName(TestActor.java:1626)\r\n\tat org.getopentest.base.TestActor.executeActionByDef(TestActor.java:1705)\r\n\t... 4 more\r\nCaused by: org.openqa.selenium.SessionNotCreatedException: session not created: This version of ChromeDriver only supports Chrome version 88\nCurrent browser version is 87.0.4280.141 with binary path C:\\Program Files\\Google\\Chrome\\Application\\chrome.exe\nBuild info: version: '3.141.59', revision: 'e82be7d358', time: '2018-11-14T08:17:03'\nSystem info: host: 'DESKTOP-B6TVF8R', ip: '192.168.56.1', os.name: 'Windows 10', os.arch: 'amd64', os.version: '10.0', java.version: '11.0.8'\nDriver info: driver.version: ChromeDriver\nremote stacktrace: Backtrace:\n\tGetHandleVerifier [0x00998A43+483]\n\tGetHandleVerifier [0x00998A21+449]\n\tGetHandleVerifier [0x00D413C8+3836776]\n\tGetHandleVerifier [0x00D5B73A+3944154]\n\tGetHandleVerifier [0x00D57B9A+3928890]\n\tGetHandleVerifier [0x00D55E7C+3921436]\n\tGetHandleVerifier [0x00D7C89E+4079678]\n\tGetHandleVerifier [0x00D7C60C+4079020]\n\tGetHandleVerifier [0x00D7938B+4066091]\n\tGetHandleVerifier [0x00D5CDB4+3949908]\n\tGetHandleVerifier [0x00D5DC6E+3953678]\n\tGetHandleVerifier [0x00D5DBF9+3953561]\n\tOrdinal0 [0x00966A8C+92812]\n\tOrdinal0 [0x00960572+66930]\n\tOrdinal0 [0x00960142+65858]\n\tGetHandleVerifier [0x00C647B8+2932568]\n\tGetHandleVerifier [0x00AA12EE+1084046]\n\tGetHandleVerifier [0x00A58B3D+787165]\n\tGetHandleVerifier [0x00A5855B+785659]\n\tGetHandleVerifier [0x00A58471+785425]\n\tGetHandleVerifier [0x00A8B7B3+995155]\n\tBaseThreadInitThunk [0x761BFA29+25]\n\tRtlGetAppContainerNamedObjectPath [0x779975F4+228]\n\tRtlGetAppContainerNamedObjectPath [0x779975C4+180]\n\r\n\tat java.base/jdk.internal.reflect.NativeConstructorAccessorImpl.newInstance0(Native Method)\r\n\tat java.base/jdk.internal.reflect.NativeConstructorAccessorImpl.newInstance(NativeConstructorAccessorImpl.java:62)\r\n\tat java.base/jdk.internal.reflect.DelegatingConstructorAccessorImpl.newInstance(DelegatingConstructorAccessorImpl.java:45)\r\n\tat java.base/java.lang.reflect.Constructor.newInstance(Constructor.java:490)\r\n\tat org.openqa.selenium.remote.W3CHandshakeResponse.lambda$errorHandler$0(W3CHandshakeResponse.java:62)\r\n\tat org.openqa.selenium.remote.HandshakeResponse.lambda$getResponseFunction$0(HandshakeResponse.java:30)\r\n\tat org.openqa.selenium.remote.ProtocolHandshake.lambda$createSession$0(ProtocolHandshake.java:126)\r\n\tat java.base/java.util.stream.ReferencePipeline$3$1.accept(ReferencePipeline.java:195)\r\n\tat java.base/java.util.Spliterators$ArraySpliterator.tryAdvance(Spliterators.java:958)\r\n\tat java.base/java.util.stream.ReferencePipeline.forEachWithCancel(ReferencePipeline.java:127)\r\n\tat java.base/java.util.stream.AbstractPipeline.copyIntoWithCancel(AbstractPipeline.java:502)\r\n\tat java.base/java.util.stream.AbstractPipeline.copyInto(AbstractPipeline.java:488)\r\n\tat java.base/java.util.stream.AbstractPipeline.wrapAndCopyInto(AbstractPipeline.java:474)\r\n\tat java.base/java.util.stream.FindOps$FindOp.evaluateSequential(FindOps.java:150)\r\n\tat java.base/java.util.stream.AbstractPipeline.evaluate(AbstractPipeline.java:234)\r\n\tat java.base/java.util.stream.ReferencePipeline.findFirst(ReferencePipeline.java:543)\r\n\tat org.openqa.selenium.remote.ProtocolHandshake.createSession(ProtocolHandshake.java:128)\r\n\tat org.openqa.selenium.remote.ProtocolHandshake.createSession(ProtocolHandshake.java:74)\r\n\tat org.openqa.selenium.remote.HttpCommandExecutor.execute(HttpCommandExecutor.java:136)\r\n\tat org.openqa.selenium.remote.service.DriverCommandExecutor.execute(DriverCommandExecutor.java:83)\r\n\tat org.openqa.selenium.remote.RemoteWebDriver.execute(RemoteWebDriver.java:552)\r\n\tat org.openqa.selenium.remote.RemoteWebDriver.startSession(RemoteWebDriver.java:213)\r\n\tat org.openqa.selenium.remote.RemoteWebDriver.<init>(RemoteWebDriver.java:131)\r\n\tat org.openqa.selenium.chrome.ChromeDriver.<init>(ChromeDriver.java:181)\r\n\tat org.openqa.selenium.chrome.ChromeDriver.<init>(ChromeDriver.java:168)\r\n\tat org.openqa.selenium.chrome.ChromeDriver.<init>(ChromeDriver.java:157)\r\n\tat org.getopentest.selenium.core.SeleniumHelper.createDriver(SeleniumHelper.java:91)\r\n\tat org.getopentest.selenium.core.SeleniumHelper.getDriver(SeleniumHelper.java:237)\r\n\tat org.getopentest.selenium.core.SeleniumTestAction.initialize(SeleniumTestAction.java:203)\r\n\tat org.getopentest.base.TestActor.executeAction(TestActor.java:1509)\r\n\tat org.getopentest.base.TestActor.executeActionByClassName(TestActor.java:1603)\r\n\t... 5 more\r\n"}],"name":"ZAP-Tests","path":"","timeCompleted":null,"timeStarted":1610464994689}]}},"maxIterations":"1","currentIteration":1,"currentTestIndex":1,"currentSegmentIndex":0,"label":"ZAP-Tests 2","result":"failed","status":"completed","tests":[{"actions":[{"action":"org.getopentest.selenium.NavigateTo","actorType":"WEB","args":{"url":"https://github.com/"},"isCheckpoint":false,"description":"Navigate to the Page xx","durationMs":1033,"macroStack":[],"result":"failed","segment":1,"stackTrace":"java.lang.RuntimeException: org.openqa.selenium.SessionNotCreatedException: session not created: This version of ChromeDriver only supports Chrome version 88\nCurrent browser version is 87.0.4280.141 with binary path C:\\Program Files\\Google\\Chrome\\Application\\chrome.exe\nBuild info: version: '3.141.59', revision: 'e82be7d358', time: '2018-11-14T08:17:03'\nSystem info: host: 'DESKTOP-B6TVF8R', ip: '192.168.56.1', os.name: 'Windows 10', os.arch: 'amd64', os.version: '10.0', java.version: '11.0.8'\nDriver info: driver.version: ChromeDriver\nremote stacktrace: Backtrace:\n\tGetHandleVerifier [0x00998A43+483]\n\tGetHandleVerifier [0x00998A21+449]\n\tGetHandleVerifier [0x00D413C8+3836776]\n\tGetHandleVerifier [0x00D5B73A+3944154]\n\tGetHandleVerifier [0x00D57B9A+3928890]\n\tGetHandleVerifier [0x00D55E7C+3921436]\n\tGetHandleVerifier [0x00D7C89E+4079678]\n\tGetHandleVerifier [0x00D7C60C+4079020]\n\tGetHandleVerifier [0x00D7938B+4066091]\n\tGetHandleVerifier [0x00D5CDB4+3949908]\n\tGetHandleVerifier [0x00D5DC6E+3953678]\n\tGetHandleVerifier [0x00D5DBF9+3953561]\n\tOrdinal0 [0x00966A8C+92812]\n\tOrdinal0 [0x00960572+66930]\n\tOrdinal0 [0x00960142+65858]\n\tGetHandleVerifier [0x00C647B8+2932568]\n\tGetHandleVerifier [0x00AA12EE+1084046]\n\tGetHandleVerifier [0x00A58B3D+787165]\n\tGetHandleVerifier [0x00A5855B+785659]\n\tGetHandleVerifier [0x00A58471+785425]\n\tGetHandleVerifier [0x00A8B7B3+995155]\n\tBaseThreadInitThunk [0x761BFA29+25]\n\tRtlGetAppContainerNamedObjectPath [0x779975F4+228]\n\tRtlGetAppContainerNamedObjectPath [0x779975C4+180]\n\r\n\tat org.getopentest.base.TestActor.executeActionByClassName(TestActor.java:1626)\r\n\tat org.getopentest.base.TestActor.executeActionByDef(TestActor.java:1705)\r\n\tat org.getopentest.base.TestActor.executeTestSegment(TestActor.java:2073)\r\n\tat org.getopentest.base.TestActor.runOneSession(TestActor.java:2981)\r\n\tat org.getopentest.base.TestActor.runOneSession(TestActor.java:3017)\r\n\tat org.getopentest.Main.main(Main.java:20)\r\nCaused by: org.openqa.selenium.SessionNotCreatedException: session not created: This version of ChromeDriver only supports Chrome version 88\nCurrent browser version is 87.0.4280.141 with binary path C:\\Program Files\\Google\\Chrome\\Application\\chrome.exe\nBuild info: version: '3.141.59', revision: 'e82be7d358', time: '2018-11-14T08:17:03'\nSystem info: host: 'DESKTOP-B6TVF8R', ip: '192.168.56.1', os.name: 'Windows 10', os.arch: 'amd64', os.version: '10.0', java.version: '11.0.8'\nDriver info: driver.version: ChromeDriver\nremote stacktrace: Backtrace:\n\tGetHandleVerifier [0x00998A43+483]\n\tGetHandleVerifier [0x00998A21+449]\n\tGetHandleVerifier [0x00D413C8+3836776]\n\tGetHandleVerifier [0x00D5B73A+3944154]\n\tGetHandleVerifier [0x00D57B9A+3928890]\n\tGetHandleVerifier [0x00D55E7C+3921436]\n\tGetHandleVerifier [0x00D7C89E+4079678]\n\tGetHandleVerifier [0x00D7C60C+4079020]\n\tGetHandleVerifier [0x00D7938B+4066091]\n\tGetHandleVerifier [0x00D5CDB4+3949908]\n\tGetHandleVerifier [0x00D5DC6E+3953678]\n\tGetHandleVerifier [0x00D5DBF9+3953561]\n\tOrdinal0 [0x00966A8C+92812]\n\tOrdinal0 [0x00960572+66930]\n\tOrdinal0 [0x00960142+65858]\n\tGetHandleVerifier [0x00C647B8+2932568]\n\tGetHandleVerifier [0x00AA12EE+1084046]\n\tGetHandleVerifier [0x00A58B3D+787165]\n\tGetHandleVerifier [0x00A5855B+785659]\n\tGetHandleVerifier [0x00A58471+785425]\n\tGetHandleVerifier [0x00A8B7B3+995155]\n\tBaseThreadInitThunk [0x761BFA29+25]\n\tRtlGetAppContainerNamedObjectPath [0x779975F4+228]\n\tRtlGetAppContainerNamedObjectPath [0x779975C4+180]\n\r\n\tat java.base/jdk.internal.reflect.NativeConstructorAccessorImpl.newInstance0(Native Method)\r\n\tat java.base/jdk.internal.reflect.NativeConstructorAccessorImpl.newInstance(NativeConstructorAccessorImpl.java:62)\r\n\tat java.base/jdk.internal.reflect.DelegatingConstructorAccessorImpl.newInstance(DelegatingConstructorAccessorImpl.java:45)\r\n\tat java.base/java.lang.reflect.Constructor.newInstance(Constructor.java:490)\r\n\tat org.openqa.selenium.remote.W3CHandshakeResponse.lambda$errorHandler$0(W3CHandshakeResponse.java:62)\r\n\tat org.openqa.selenium.remote.HandshakeResponse.lambda$getResponseFunction$0(HandshakeResponse.java:30)\r\n\tat org.openqa.selenium.remote.ProtocolHandshake.lambda$createSession$0(ProtocolHandshake.java:126)\r\n\tat java.base/java.util.stream.ReferencePipeline$3$1.accept(ReferencePipeline.java:195)\r\n\tat java.base/java.util.Spliterators$ArraySpliterator.tryAdvance(Spliterators.java:958)\r\n\tat java.base/java.util.stream.ReferencePipeline.forEachWithCancel(ReferencePipeline.java:127)\r\n\tat java.base/java.util.stream.AbstractPipeline.copyIntoWithCancel(AbstractPipeline.java:502)\r\n\tat java.base/java.util.stream.AbstractPipeline.copyInto(AbstractPipeline.java:488)\r\n\tat java.base/java.util.stream.AbstractPipeline.wrapAndCopyInto(AbstractPipeline.java:474)\r\n\tat java.base/java.util.stream.FindOps$FindOp.evaluateSequential(FindOps.java:150)\r\n\tat java.base/java.util.stream.AbstractPipeline.evaluate(AbstractPipeline.java:234)\r\n\tat java.base/java.util.stream.ReferencePipeline.findFirst(ReferencePipeline.java:543)\r\n\tat org.openqa.selenium.remote.ProtocolHandshake.createSession(ProtocolHandshake.java:128)\r\n\tat org.openqa.selenium.remote.ProtocolHandshake.createSession(ProtocolHandshake.java:74)\r\n\tat org.openqa.selenium.remote.HttpCommandExecutor.execute(HttpCommandExecutor.java:136)\r\n\tat org.openqa.selenium.remote.service.DriverCommandExecutor.execute(DriverCommandExecutor.java:83)\r\n\tat org.openqa.selenium.remote.RemoteWebDriver.execute(RemoteWebDriver.java:552)\r\n\tat org.openqa.selenium.remote.RemoteWebDriver.startSession(RemoteWebDriver.java:213)\r\n\tat org.openqa.selenium.remote.RemoteWebDriver.<init>(RemoteWebDriver.java:131)\r\n\tat org.openqa.selenium.chrome.ChromeDriver.<init>(ChromeDriver.java:181)\r\n\tat org.openqa.selenium.chrome.ChromeDriver.<init>(ChromeDriver.java:168)\r\n\tat org.openqa.selenium.chrome.ChromeDriver.<init>(ChromeDriver.java:157)\r\n\tat org.getopentest.selenium.core.SeleniumHelper.createDriver(SeleniumHelper.java:91)\r\n\tat org.getopentest.selenium.core.SeleniumHelper.getDriver(SeleniumHelper.java:237)\r\n\tat org.getopentest.selenium.core.SeleniumTestAction.initialize(SeleniumTestAction.java:203)\r\n\tat org.getopentest.base.TestActor.executeAction(TestActor.java:1509)\r\n\tat org.getopentest.base.TestActor.executeActionByClassName(TestActor.java:1603)\r\n\t... 5 more\r\n"}],"currentIteration":1,"currentSegmentIndex":0,"isDataDriven":false,"name":"ZAP-Tests","path":"","result":"failed","status":"completed","segments":[{"index":0,"result":"passed","status":"completed","timeStarted":1610464994689,"timeCompleted":1610464994692},{"index":1,"result":"failed","status":"completed","timeStarted":1610464994702,"timeCompleted":1610464995741}],"tags":[],"timeStarted":1610464994689,"timeCompleted":1610464995741}],"timeCreated":1610464991021,"timeStarted":1610464994689,"timeCompleted":1610464995741,"lastActivity":1610464995741,"_id":"UjchAbhrKTpUU0cS","actorTags":[],"environment":"","currentDataRecordIndex":-1}
{"id":1610465131,"actors":{"18533":{"id":18533,"lastSeenTime":1610465126602,"testSessionId":1610465131,"type":"WEB","tags":[],"_id":"btKxdRofcrJ4w9t2","ip":"::ffff:127.0.0.1","tests":[{"currentSegmentIndex":1,"segments":[{"index":0,"status":"completed","timeStarted":1610465132422,"timeCompleted":1610465132426,"result":"passed"},{"index":1,"status":"completed","timeStarted":1610465132435,"timeCompleted":1610465138509,"result":"passed"}],"name":"ZAP-Tests","path":"","timeCompleted":null,"timeStarted":1610465132422}]}},"maxIterations":"1","currentIteration":1,"currentTestIndex":1,"currentSegmentIndex":0,"label":"ZAP-Tests 3","result":"passed","status":"completed","tests":[{"actions":[{"action":"org.getopentest.selenium.NavigateTo","actorType":"WEB","args":{"url":"https://github.com/"},"isCheckpoint":false,"description":"Navigate to the Page xx","durationMs":6063,"macroStack":[],"result":"passed","segment":1}],"currentIteration":1,"currentSegmentIndex":0,"isDataDriven":false,"name":"ZAP-Tests","path":"","result":"passed","status":"completed","segments":[{"index":0,"result":"passed","status":"completed","timeStarted":1610465132422,"timeCompleted":1610465132426},{"index":1,"result":"passed","status":"completed","timeStarted":1610465132435,"timeCompleted":1610465138509}],"tags":[],"timeStarted":1610465132422,"timeCompleted":1610465138509}],"timeCreated":1610465131164,"timeStarted":1610465132422,"timeCompleted":1610465138509,"lastActivity":1610465138509,"_id":"ZPrlGMcqjbYc3Nx6","actorTags":[],"environment":"","currentDataRecordIndex":-1}
{"id":1610472006,"actors":{"18533":{"id":18533,"lastSeenTime":1610472002894,"testSessionId":1610472006,"type":"WEB","tags":[],"_id":"btKxdRofcrJ4w9t2","ip":"::ffff:127.0.0.1","tests":[{"currentSegmentIndex":12,"segments":[{"index":0,"status":"completed","timeStarted":1610472008031,"timeCompleted":1610472008033,"result":"passed"},{"index":1,"status":"completed","timeStarted":1610472008041,"timeCompleted":1610472013662,"result":"passed"},{"index":2,"status":"completed","timeStarted":1610472014170,"timeCompleted":1610472014249,"result":"passed"},{"index":3,"status":"completed","timeStarted":1610472014768,"timeCompleted":1610472014820,"result":"passed"},{"index":4,"status":"completed","timeStarted":1610472015328,"timeCompleted":1610472015532,"result":"passed"},{"index":5,"status":"completed","timeStarted":1610472016046,"timeCompleted":1610472016096,"result":"passed"},{"index":6,"status":"completed","timeStarted":1610472016612,"timeCompleted":1610472016647,"result":"passed"},{"index":7,"status":"completed","timeStarted":1610472017165,"timeCompleted":1610472017193,"result":"passed"},{"index":8,"status":"completed","timeStarted":1610472017708,"timeCompleted":1610472017743,"result":"passed"},{"index":9,"status":"completed","timeStarted":1610472018251,"timeCompleted":1610472018285,"result":"passed"},{"index":10,"status":"completed","timeStarted":1610472018806,"timeCompleted":1610472018855,"result":"passed"},{"index":11,"status":"completed","timeStarted":1610472019363,"timeCompleted":1610472019393,"result":"passed"},{"index":12,"status":"completed","timeStarted":1610472019909,"timeCompleted":1610472019968,"result":"passed"}],"name":"Web Browser XSS Protection Not Enabled","path":"","timeCompleted":null,"timeStarted":1610472008031}]}},"maxIterations":"1","currentIteration":1,"currentTestIndex":1,"currentSegmentIndex":0,"label":"Session 1610472006","result":"passed","status":"completed","tests":[{"actions":[{"action":"org.getopentest.selenium.NavigateTo","actorType":"WEB","args":{"url":"http://localhost:3000/"},"isCheckpoint":false,"description":"Navigate to the Page http://localhost:3000/","durationMs":5615,"macroStack":[],"result":"passed","segment":1},{"action":"org.getopentest.selenium.NavigateTo","actorType":"WEB","args":{"url":"http://localhost:3000/robots.txt"},"isCheckpoint":false,"description":"Navigate to the Page http://localhost:3000/robots.txt","durationMs":72,"macroStack":[],"result":"passed","segment":2},{"action":"org.getopentest.selenium.NavigateTo","actorType":"WEB","args":{"url":"http://localhost:3000/sitemap.xml"},"isCheckpoint":false,"description":"Navigate to the Page http://localhost:3000/sitemap.xml","durationMs":46,"macroStack":[],"result":"passed","segment":3},{"action":"org.getopentest.selenium.NavigateTo","actorType":"WEB","args":{"url":"http://localhost:3000"},"isCheckpoint":false,"description":"Navigate to the Page http://localhost:3000","durationMs":197,"macroStack":[],"result":"passed","segment":4},{"action":"org.getopentest.selenium.NavigateTo","actorType":"WEB","args":{"url":"http://localhost:3000/session/%7B%7BtestSession.id%7D%7D"},"isCheckpoint":false,"description":"Navigate to the Page http://localhost:3000/session/%7B%7BtestSession.id%7D%7D","durationMs":44,"macroStack":[],"result":"passed","segment":5},{"action":"org.getopentest.selenium.NavigateTo","actorType":"WEB","args":{"url":"http://localhost:3000/session"},"isCheckpoint":false,"description":"Navigate to the Page http://localhost:3000/session","durationMs":30,"macroStack":[],"result":"passed","segment":6},{"action":"org.getopentest.selenium.NavigateTo","actorType":"WEB","args":{"url":"http://localhost:3000/socket.io"},"isCheckpoint":false,"description":"Navigate to the Page http://localhost:3000/socket.io","durationMs":23,"macroStack":[],"result":"passed","segment":7},{"action":"org.getopentest.selenium.NavigateTo","actorType":"WEB","args":{"url":"http://localhost:3000/css/"},"isCheckpoint":false,"description":"Navigate to the Page http://localhost:3000/css/","durationMs":29,"macroStack":[],"result":"passed","segment":8},{"action":"org.getopentest.selenium.NavigateTo","actorType":"WEB","args":{"url":"http://localhost:3000/js/"},"isCheckpoint":false,"description":"Navigate to the Page http://localhost:3000/js/","durationMs":30,"macroStack":[],"result":"passed","segment":9},{"action":"org.getopentest.selenium.NavigateTo","actorType":"WEB","args":{"url":"http://localhost:3000/img/"},"isCheckpoint":false,"description":"Navigate to the Page http://localhost:3000/img/","durationMs":44,"macroStack":[],"result":"passed","segment":10},{"action":"org.getopentest.selenium.NavigateTo","actorType":"WEB","args":{"url":"http://localhost:3000/js/ng/"},"isCheckpoint":false,"description":"Navigate to the Page http://localhost:3000/js/ng/","durationMs":24,"macroStack":[],"result":"passed","segment":11},{"action":"org.getopentest.selenium.NavigateTo","actorType":"WEB","args":{"url":"http://localhost:3000/js/lib/"},"isCheckpoint":false,"description":"Navigate to the Page http://localhost:3000/js/lib/","durationMs":51,"macroStack":[],"result":"passed","segment":12}],"currentIteration":1,"currentSegmentIndex":0,"isDataDriven":false,"name":"Web Browser XSS Protection Not Enabled","path":"","result":"passed","status":"completed","segments":[{"index":0,"result":"passed","status":"completed","timeStarted":1610472008031,"timeCompleted":1610472008033},{"index":1,"result":"passed","status":"completed","timeStarted":1610472008041,"timeCompleted":1610472013662},{"index":2,"result":"passed","status":"completed","timeStarted":1610472014170,"timeCompleted":1610472014249},{"index":3,"result":"passed","status":"completed","timeStarted":1610472014768,"timeCompleted":1610472014820},{"index":4,"result":"passed","status":"completed","timeStarted":1610472015328,"timeCompleted":1610472015532},{"index":5,"result":"passed","status":"completed","timeStarted":1610472016046,"timeCompleted":1610472016096},{"index":6,"result":"passed","status":"completed","timeStarted":1610472016612,"timeCompleted":1610472016647},{"index":7,"result":"passed","status":"completed","timeStarted":1610472017165,"timeCompleted":1610472017193},{"index":8,"result":"passed","status":"completed","timeStarted":1610472017708,"timeCompleted":1610472017743},{"index":9,"result":"passed","status":"completed","timeStarted":1610472018251,"timeCompleted":1610472018285},{"index":10,"result":"passed","status":"completed","timeStarted":1610472018806,"timeCompleted":1610472018855},{"index":11,"result":"passed","status":"completed","timeStarted":1610472019363,"timeCompleted":1610472019393},{"index":12,"result":"passed","status":"completed","timeStarted":1610472019909,"timeCompleted":1610472019968}],"tags":[],"timeStarted":1610472008031,"timeCompleted":1610472019968}],"timeCreated":1610472005574,"timeStarted":1610472008031,"timeCompleted":1610472019968,"lastActivity":1610472019967,"_id":"dK4hde9fXcFGxEqw","actorTags":[],"environment":"","currentDataRecordIndex":-1}
{"id":1610710875,"actors":{"9054":{"id":9054,"lastSeenTime":1610710872520,"testSessionId":1610710875,"type":"WEB","tags":[],"_id":"qAyOoUUTwLoRK6oJ","ip":"::ffff:127.0.0.1","tests":[{"currentSegmentIndex":1,"segments":[{"index":0,"status":"completed","timeStarted":1610710877934,"timeCompleted":1610710877939,"result":"passed"},{"index":1,"status":"completed","timeStarted":1610710877946,"timeCompleted":1610710877961,"result":"failed","stackTrace":"java.lang.RuntimeException: There was an error while executing action no. 1 (org.getopentest.selenium.NavigateTo) in segment 1 of test /Web Browser XSS Protection Not Enabled.\nThe action definition was:\n{\n  \"action\": \"org.getopentest.selenium.NavigateTo\",\n  \"args\": {\n    \"url\": \"http://localhost:3000/\",\n    \"script\": \"$log(\\\"Hello\\\"!\\\");\"\n  },\n  \"description\": \"Navigate to the Page http://localhost:3000/\"\n}\r\n\tat org.getopentest.base.TestActor.executeTestSegment(TestActor.java:2123)\r\n\tat org.getopentest.base.TestActor.runOneSession(TestActor.java:2981)\r\n\tat org.getopentest.base.TestActor.runOneSession(TestActor.java:3017)\r\n\tat org.getopentest.Main.main(Main.java:20)\r\nCaused by: java.lang.RuntimeException: Failed executing action org.getopentest.selenium.NavigateTo (arguments not available because the current action instance was not populated)\r\n\tat org.getopentest.base.TestActor.executeActionByDef(TestActor.java:1821)\r\n\tat org.getopentest.base.TestActor.executeTestSegment(TestActor.java:2073)\r\n\t... 3 more\r\nCaused by: java.lang.RuntimeException: There was an error while evaluating property \"script\"\r\n\tat org.getopentest.base.TestActor.evalObject(TestActor.java:1349)\r\n\tat org.getopentest.base.TestActor.executeActionByDef(TestActor.java:1655)\r\n\t... 4 more\r\nCaused by: java.lang.RuntimeException: Failed to evaluate JavaScript code at line number ?. The script content was: \n$log(\"Hello\"!\");\r\n\tat org.getopentest.base.TestActor.evalScript(TestActor.java:1441)\r\n\tat org.getopentest.base.TestActor.evalString(TestActor.java:1471)\r\n\tat org.getopentest.base.TestActor.evalObject(TestActor.java:1389)\r\n\tat org.getopentest.base.TestActor.evalObject(TestActor.java:1346)\r\n\t... 5 more\r\nCaused by: javax.script.ScriptException: <eval>:1:16 Missing close quote\r\n$log(\"Hello\"!\");\r\n                ^ in <eval> at line number 1 at column number 16\r\n\tat jdk.scripting.nashorn/jdk.nashorn.api.scripting.NashornScriptEngine.throwAsScriptException(NashornScriptEngine.java:477)\r\n\tat jdk.scripting.nashorn/jdk.nashorn.api.scripting.NashornScriptEngine.compileImpl(NashornScriptEngine.java:544)\r\n\tat jdk.scripting.nashorn/jdk.nashorn.api.scripting.NashornScriptEngine.compileImpl(NashornScriptEngine.java:531)\r\n\tat jdk.scripting.nashorn/jdk.nashorn.api.scripting.NashornScriptEngine.evalImpl(NashornScriptEngine.java:409)\r\n\tat jdk.scripting.nashorn/jdk.nashorn.api.scripting.NashornScriptEngine.eval(NashornScriptEngine.java:162)\r\n\tat java.scripting/javax.script.AbstractScriptEngine.eval(AbstractScriptEngine.java:264)\r\n\tat org.getopentest.base.TestActor.evalScript(TestActor.java:1427)\r\n\t... 8 more\r\nCaused by: jdk.nashorn.internal.runtime.ParserException: <eval>:1:16 Missing close quote\r\n$log(\"Hello\"!\");\r\n                ^\r\n\tat jdk.scripting.nashorn/jdk.nashorn.internal.parser.Lexer.error(Lexer.java:1860)\r\n\tat jdk.scripting.nashorn/jdk.nashorn.internal.parser.Lexer.scanString(Lexer.java:1006)\r\n\tat jdk.scripting.nashorn/jdk.nashorn.internal.parser.Lexer.lexify(Lexer.java:1717)\r\n\tat jdk.scripting.nashorn/jdk.nashorn.internal.parser.AbstractParser.getToken(AbstractParser.java:135)\r\n\tat jdk.scripting.nashorn/jdk.nashorn.internal.parser.AbstractParser.nextToken(AbstractParser.java:216)\r\n\tat jdk.scripting.nashorn/jdk.nashorn.internal.parser.AbstractParser.nextOrEOL(AbstractParser.java:173)\r\n\tat jdk.scripting.nashorn/jdk.nashorn.internal.parser.AbstractParser.next(AbstractParser.java:160)\r\n\tat jdk.scripting.nashorn/jdk.nashorn.internal.parser.Parser.scanFirstToken(Parser.java:293)\r\n\tat jdk.scripting.nashorn/jdk.nashorn.internal.parser.Parser.parse(Parser.java:323)\r\n\tat jdk.scripting.nashorn/jdk.nashorn.internal.parser.Parser.parse(Parser.java:285)\r\n\tat jdk.scripting.nashorn/jdk.nashorn.internal.runtime.Context.compile(Context.java:1500)\r\n\tat jdk.scripting.nashorn/jdk.nashorn.internal.runtime.Context.compileScript(Context.java:1467)\r\n\tat jdk.scripting.nashorn/jdk.nashorn.internal.runtime.Context.compileScript(Context.java:750)\r\n\tat jdk.scripting.nashorn/jdk.nashorn.api.scripting.NashornScriptEngine.compileImpl(NashornScriptEngine.java:542)\r\n\t... 13 more\r\n"}],"name":"Web Browser XSS Protection Not Enabled","path":"","timeCompleted":null,"timeStarted":1610710877934}]}},"maxIterations":"1","currentIteration":1,"currentTestIndex":1,"currentSegmentIndex":0,"label":"Session 1610710875","result":"failed","status":"completed","tests":[{"actions":[{"actorType":"WEB","isCheckpoint":false,"durationMs":0,"macroStack":[],"result":"failed","segment":1,"stackTrace":"java.lang.RuntimeException: There was an error while evaluating property \"script\"\r\n\tat org.getopentest.base.TestActor.evalObject(TestActor.java:1349)\r\n\tat org.getopentest.base.TestActor.executeActionByDef(TestActor.java:1655)\r\n\tat org.getopentest.base.TestActor.executeTestSegment(TestActor.java:2073)\r\n\tat org.getopentest.base.TestActor.runOneSession(TestActor.java:2981)\r\n\tat org.getopentest.base.TestActor.runOneSession(TestActor.java:3017)\r\n\tat org.getopentest.Main.main(Main.java:20)\r\nCaused by: java.lang.RuntimeException: Failed to evaluate JavaScript code at line number ?. The script content was: \n$log(\"Hello\"!\");\r\n\tat org.getopentest.base.TestActor.evalScript(TestActor.java:1441)\r\n\tat org.getopentest.base.TestActor.evalString(TestActor.java:1471)\r\n\tat org.getopentest.base.TestActor.evalObject(TestActor.java:1389)\r\n\tat org.getopentest.base.TestActor.evalObject(TestActor.java:1346)\r\n\t... 5 more\r\nCaused by: javax.script.ScriptException: <eval>:1:16 Missing close quote\r\n$log(\"Hello\"!\");\r\n                ^ in <eval> at line number 1 at column number 16\r\n\tat jdk.scripting.nashorn/jdk.nashorn.api.scripting.NashornScriptEngine.throwAsScriptException(NashornScriptEngine.java:477)\r\n\tat jdk.scripting.nashorn/jdk.nashorn.api.scripting.NashornScriptEngine.compileImpl(NashornScriptEngine.java:544)\r\n\tat jdk.scripting.nashorn/jdk.nashorn.api.scripting.NashornScriptEngine.compileImpl(NashornScriptEngine.java:531)\r\n\tat jdk.scripting.nashorn/jdk.nashorn.api.scripting.NashornScriptEngine.evalImpl(NashornScriptEngine.java:409)\r\n\tat jdk.scripting.nashorn/jdk.nashorn.api.scripting.NashornScriptEngine.eval(NashornScriptEngine.java:162)\r\n\tat java.scripting/javax.script.AbstractScriptEngine.eval(AbstractScriptEngine.java:264)\r\n\tat org.getopentest.base.TestActor.evalScript(TestActor.java:1427)\r\n\t... 8 more\r\nCaused by: jdk.nashorn.internal.runtime.ParserException: <eval>:1:16 Missing close quote\r\n$log(\"Hello\"!\");\r\n                ^\r\n\tat jdk.scripting.nashorn/jdk.nashorn.internal.parser.Lexer.error(Lexer.java:1860)\r\n\tat jdk.scripting.nashorn/jdk.nashorn.internal.parser.Lexer.scanString(Lexer.java:1006)\r\n\tat jdk.scripting.nashorn/jdk.nashorn.internal.parser.Lexer.lexify(Lexer.java:1717)\r\n\tat jdk.scripting.nashorn/jdk.nashorn.internal.parser.AbstractParser.getToken(AbstractParser.java:135)\r\n\tat jdk.scripting.nashorn/jdk.nashorn.internal.parser.AbstractParser.nextToken(AbstractParser.java:216)\r\n\tat jdk.scripting.nashorn/jdk.nashorn.internal.parser.AbstractParser.nextOrEOL(AbstractParser.java:173)\r\n\tat jdk.scripting.nashorn/jdk.nashorn.internal.parser.AbstractParser.next(AbstractParser.java:160)\r\n\tat jdk.scripting.nashorn/jdk.nashorn.internal.parser.Parser.scanFirstToken(Parser.java:293)\r\n\tat jdk.scripting.nashorn/jdk.nashorn.internal.parser.Parser.parse(Parser.java:323)\r\n\tat jdk.scripting.nashorn/jdk.nashorn.internal.parser.Parser.parse(Parser.java:285)\r\n\tat jdk.scripting.nashorn/jdk.nashorn.internal.runtime.Context.compile(Context.java:1500)\r\n\tat jdk.scripting.nashorn/jdk.nashorn.internal.runtime.Context.compileScript(Context.java:1467)\r\n\tat jdk.scripting.nashorn/jdk.nashorn.internal.runtime.Context.compileScript(Context.java:750)\r\n\tat jdk.scripting.nashorn/jdk.nashorn.api.scripting.NashornScriptEngine.compileImpl(NashornScriptEngine.java:542)\r\n\t... 13 more\r\n"}],"currentIteration":1,"currentSegmentIndex":0,"isDataDriven":false,"name":"Web Browser XSS Protection Not Enabled","path":"","result":"failed","status":"completed","segments":[{"index":0,"result":"passed","status":"completed","timeStarted":1610710877934,"timeCompleted":1610710877939},{"index":1,"result":"failed","status":"completed","timeStarted":1610710877946,"timeCompleted":1610710877961}],"tags":[],"timeStarted":1610710877934,"timeCompleted":1610710877961}],"timeCreated":1610710874961,"timeStarted":1610710877934,"timeCompleted":1610710877961,"lastActivity":1610710877960,"_id":"dYg56reqTXjUILQR","actorTags":[],"environment":"","currentDataRecordIndex":-1}
{"id":1610710906,"actors":{"9054":{"id":9054,"lastSeenTime":1610710902581,"testSessionId":1610710906,"type":"WEB","tags":[],"_id":"qAyOoUUTwLoRK6oJ","ip":"::ffff:127.0.0.1","tests":[{"currentSegmentIndex":1,"segments":[{"index":0,"status":"completed","timeStarted":1610710908551,"timeCompleted":1610710908554,"result":"passed"},{"index":1,"status":"completed","timeStarted":1610710908564,"timeCompleted":1610710914345,"result":"passed"}],"name":"Web Browser XSS Protection Not Enabled","path":"","timeCompleted":null,"timeStarted":1610710908551}]}},"maxIterations":"1","currentIteration":1,"currentTestIndex":1,"currentSegmentIndex":0,"label":"Session 1610710875 2","result":"passed","status":"completed","tests":[{"actions":[{"action":"org.getopentest.selenium.NavigateTo","actorType":"WEB","args":{"url":"http://localhost:3000/"},"isCheckpoint":false,"description":"Navigate to the Page http://localhost:3000/","durationMs":5769,"macroStack":[],"result":"passed","segment":1}],"currentIteration":1,"currentSegmentIndex":0,"isDataDriven":false,"name":"Web Browser XSS Protection Not Enabled","path":"","result":"passed","status":"completed","segments":[{"index":0,"result":"passed","status":"completed","timeStarted":1610710908551,"timeCompleted":1610710908554},{"index":1,"result":"passed","status":"completed","timeStarted":1610710908564,"timeCompleted":1610710914345}],"tags":[],"timeStarted":1610710908551,"timeCompleted":1610710914345}],"timeCreated":1610710905725,"timeStarted":1610710908551,"timeCompleted":1610710914346,"lastActivity":1610710914345,"_id":"iTvVUa1NmEMvlud1","actorTags":[],"environment":"","currentDataRecordIndex":-1}
{"id":1610709598,"actors":{"9054":{"id":9054,"lastSeenTime":1610709594558,"testSessionId":1610709598,"type":"WEB","tags":[],"_id":"qAyOoUUTwLoRK6oJ","ip":"::ffff:127.0.0.1","tests":[{"currentSegmentIndex":12,"segments":[{"index":0,"status":"completed","timeStarted":1610709600472,"timeCompleted":1610709600476,"result":"passed"},{"index":1,"status":"completed","timeStarted":1610709600493,"timeCompleted":1610709606590,"result":"passed"},{"index":2,"status":"completed","timeStarted":1610709607114,"timeCompleted":1610709607191,"result":"passed"},{"index":3,"status":"completed","timeStarted":1610709607707,"timeCompleted":1610709607757,"result":"passed"},{"index":4,"status":"completed","timeStarted":1610709608275,"timeCompleted":1610709608561,"result":"passed"},{"index":5,"status":"completed","timeStarted":1610709609077,"timeCompleted":1610709609149,"result":"passed"},{"index":6,"status":"completed","timeStarted":1610709609666,"timeCompleted":1610709609721,"result":"passed"},{"index":7,"status":"completed","timeStarted":1610709610238,"timeCompleted":1610709610289,"result":"passed"},{"index":8,"status":"completed","timeStarted":1610709610812,"timeCompleted":1610709610859,"result":"passed"},{"index":9,"status":"completed","timeStarted":1610709611382,"timeCompleted":1610709611433,"result":"passed"},{"index":10,"status":"completed","timeStarted":1610709611952,"timeCompleted":1610709612009,"result":"passed"},{"index":11,"status":"completed","timeStarted":1610709612519,"timeCompleted":1610709612568,"result":"passed"},{"index":12,"status":"completed","timeStarted":1610709613081,"timeCompleted":1610709613135,"result":"passed"}],"name":"Web Browser XSS Protection Not Enabled","path":"","timeCompleted":null,"timeStarted":1610709600471}]}},"maxIterations":"1","currentIteration":1,"currentTestIndex":1,"currentSegmentIndex":0,"label":"Session 1610472006 2","result":"passed","status":"completed","tests":[{"actions":[{"action":"org.getopentest.selenium.NavigateTo","actorType":"WEB","args":{"url":"http://localhost:3000/"},"isCheckpoint":false,"description":"Navigate to the Page http://localhost:3000/","durationMs":6081,"macroStack":[],"result":"passed","segment":1},{"action":"org.getopentest.selenium.NavigateTo","actorType":"WEB","args":{"url":"http://localhost:3000/robots.txt"},"isCheckpoint":false,"description":"Navigate to the Page http://localhost:3000/robots.txt","durationMs":70,"macroStack":[],"result":"passed","segment":2},{"action":"org.getopentest.selenium.NavigateTo","actorType":"WEB","args":{"url":"http://localhost:3000/sitemap.xml"},"isCheckpoint":false,"description":"Navigate to the Page http://localhost:3000/sitemap.xml","durationMs":43,"macroStack":[],"result":"passed","segment":3},{"action":"org.getopentest.selenium.NavigateTo","actorType":"WEB","args":{"url":"http://localhost:3000"},"isCheckpoint":false,"description":"Navigate to the Page http://localhost:3000","durationMs":278,"macroStack":[],"result":"passed","segment":4},{"action":"org.getopentest.selenium.NavigateTo","actorType":"WEB","args":{"url":"http://localhost:3000/session/%7B%7BtestSession.id%7D%7D"},"isCheckpoint":false,"description":"Navigate to the Page http://localhost:3000/session/%7B%7BtestSession.id%7D%7D","durationMs":64,"macroStack":[],"result":"passed","segment":5},{"action":"org.getopentest.selenium.NavigateTo","actorType":"WEB","args":{"url":"http://localhost:3000/session"},"isCheckpoint":false,"description":"Navigate to the Page http://localhost:3000/session","durationMs":47,"macroStack":[],"result":"passed","segment":6},{"action":"org.getopentest.selenium.NavigateTo","actorType":"WEB","args":{"url":"http://localhost:3000/socket.io"},"isCheckpoint":false,"description":"Navigate to the Page http://localhost:3000/socket.io","durationMs":43,"macroStack":[],"result":"passed","segment":7},{"action":"org.getopentest.selenium.NavigateTo","actorType":"WEB","args":{"url":"http://localhost:3000/css/"},"isCheckpoint":false,"description":"Navigate to the Page http://localhost:3000/css/","durationMs":40,"macroStack":[],"result":"passed","segment":8},{"action":"org.getopentest.selenium.NavigateTo","actorType":"WEB","args":{"url":"http://localhost:3000/js/"},"isCheckpoint":false,"description":"Navigate to the Page http://localhost:3000/js/","durationMs":44,"macroStack":[],"result":"passed","segment":9},{"action":"org.getopentest.selenium.NavigateTo","actorType":"WEB","args":{"url":"http://localhost:3000/img/"},"isCheckpoint":false,"description":"Navigate to the Page http://localhost:3000/img/","durationMs":50,"macroStack":[],"result":"passed","segment":10},{"action":"org.getopentest.selenium.NavigateTo","actorType":"WEB","args":{"url":"http://localhost:3000/js/ng/"},"isCheckpoint":false,"description":"Navigate to the Page http://localhost:3000/js/ng/","durationMs":42,"macroStack":[],"result":"passed","segment":11},{"action":"org.getopentest.selenium.NavigateTo","actorType":"WEB","args":{"url":"http://localhost:3000/js/lib/"},"isCheckpoint":false,"description":"Navigate to the Page http://localhost:3000/js/lib/","durationMs":48,"macroStack":[],"result":"passed","segment":12}],"currentIteration":1,"currentSegmentIndex":0,"isDataDriven":false,"name":"Web Browser XSS Protection Not Enabled","path":"","result":"passed","status":"completed","segments":[{"index":0,"result":"passed","status":"completed","timeStarted":1610709600471,"timeCompleted":1610709600476},{"index":1,"result":"passed","status":"completed","timeStarted":1610709600493,"timeCompleted":1610709606590},{"index":2,"result":"passed","status":"completed","timeStarted":1610709607114,"timeCompleted":1610709607191},{"index":3,"result":"passed","status":"completed","timeStarted":1610709607707,"timeCompleted":1610709607757},{"index":4,"result":"passed","status":"completed","timeStarted":1610709608275,"timeCompleted":1610709608561},{"index":5,"result":"passed","status":"completed","timeStarted":1610709609077,"timeCompleted":1610709609149},{"index":6,"result":"passed","status":"completed","timeStarted":1610709609666,"timeCompleted":1610709609721},{"index":7,"result":"passed","status":"completed","timeStarted":1610709610238,"timeCompleted":1610709610289},{"index":8,"result":"passed","status":"completed","timeStarted":1610709610812,"timeCompleted":1610709610859},{"index":9,"result":"passed","status":"completed","timeStarted":1610709611382,"timeCompleted":1610709611433},{"index":10,"result":"passed","status":"completed","timeStarted":1610709611952,"timeCompleted":1610709612009},{"index":11,"result":"passed","status":"completed","timeStarted":1610709612519,"timeCompleted":1610709612568},{"index":12,"result":"passed","status":"completed","timeStarted":1610709613081,"timeCompleted":1610709613135}],"tags":[],"timeStarted":1610709600471,"timeCompleted":1610709613135}],"timeCreated":1610709598130,"timeStarted":1610709600471,"timeCompleted":1610709613136,"lastActivity":1610709613135,"_id":"pOQuSfg7GjxrpCVJ","actorTags":[],"environment":"","currentDataRecordIndex":-1}
{"id":1609424428,"actors":{"59928":{"id":59928,"lastSeenTime":1609424425983,"testSessionId":1609424428,"type":"ACTOR1","tags":[],"_id":"4GETfh2SejOhDd0D","ip":"::ffff:127.0.0.1","tests":[{"currentSegmentIndex":1,"segments":[{"index":0,"status":"completed","timeStarted":1609424431913,"timeCompleted":1609424431917,"result":"passed"},{"index":1,"status":"completed","timeStarted":1609424431932,"timeCompleted":1609424432593,"result":"passed"}],"name":"GitHub API test","path":"api","timeCompleted":null,"timeStarted":1609424431913},{"currentSegmentIndex":1,"segments":[{"index":0,"status":"completed","timeStarted":1609424439307,"timeCompleted":1609424439313,"result":"passed"},{"index":1,"status":"completed","timeStarted":1609424439330,"timeCompleted":1609424439918,"result":"passed"}],"name":"Using an external JavaScript file","path":"other","timeCompleted":null,"timeStarted":1609424439307}]}},"maxIterations":1,"currentIteration":1,"currentTestIndex":2,"currentSegmentIndex":0,"label":"Quick start tests","result":"passed","status":"completed","tests":[{"actions":[{"action":"org.getopentest.actions.HttpRequest","actorType":"ACTOR1","args":{"verb":"GET","d$localData":{"branches":"$output.body;"},"url":"https://api.github.com/repos/facebook/react/branches"},"isCheckpoint":false,"description":"Call the GET /repos/:owner/:repo/branches API","durationMs":482,"macroStack":[],"result":"passed","segment":1},{"action":"org.getopentest.base.ScriptAction","actorType":"ACTOR1","args":{},"isCheckpoint":false,"description":"Verify that the branches array was returned and is not empty","durationMs":138,"macroStack":[],"result":"passed","segment":1}],"currentIteration":1,"currentSegmentIndex":0,"isDataDriven":false,"name":"GitHub API test","path":"api","result":"passed","status":"completed","segments":[{"index":0,"result":"passed","status":"completed","timeStarted":1609424431913,"timeCompleted":1609424431917},{"index":1,"result":"passed","status":"completed","timeStarted":1609424431931,"timeCompleted":1609424432593}],"tags":[],"timeStarted":1609424431913,"timeCompleted":1609424432593},{"actions":[{"action":"org.getopentest.base.ScriptAction","actorType":"ACTOR1","args":{},"isCheckpoint":false,"description":"Calculate the time and date for exactly one week from now","durationMs":573,"macroStack":[],"result":"passed","segment":1}],"currentIteration":1,"currentSegmentIndex":0,"isDataDriven":false,"name":"Using an external JavaScript file","path":"other","result":"passed","status":"completed","segments":[{"index":0,"result":"passed","status":"completed","timeStarted":1609424439307,"timeCompleted":1609424439313},{"index":1,"result":"passed","status":"completed","timeStarted":1609424439330,"timeCompleted":1609424439918}],"tags":[],"timeStarted":1609424439307,"timeCompleted":1609424439918}],"timeCreated":1609424427839,"timeStarted":1609424431913,"timeCompleted":1609424439919,"lastActivity":1609424439918,"_id":"qNlthKaDEmkcAQh7","actorTags":[],"environment":"","currentDataRecordIndex":-1}
{"id":1610460779,"actors":{"62751":{"id":62751,"lastSeenTime":1610460819103,"testSessionId":1610460779,"type":"ACTOR1","tags":[],"_id":"OWNDswYPScTFHcLH","ip":"::ffff:127.0.0.1","tests":[{"currentSegmentIndex":1,"segments":[{"index":0,"status":"completed","timeStarted":1610460824833,"timeCompleted":1610460824837,"result":"passed"},{"index":1,"status":"completed","timeStarted":1610460824848,"timeCompleted":1610460825437,"result":"passed"}],"name":"GitHub API test","path":"api","timeCompleted":null,"timeStarted":1610460824833},{"currentSegmentIndex":1,"segments":[{"index":0,"status":"completed","timeStarted":1610460831235,"timeCompleted":1610460831243,"result":"passed"},{"index":1,"status":"completed","timeStarted":1610460831256,"timeCompleted":1610460831722,"result":"passed"}],"name":"Using an external JavaScript file","path":"other","timeCompleted":null,"timeStarted":1610460831235}]}},"maxIterations":1,"currentIteration":1,"currentTestIndex":2,"currentSegmentIndex":0,"label":"Quick start tests 2","result":"passed","status":"completed","tests":[{"actions":[{"action":"org.getopentest.actions.HttpRequest","actorType":"ACTOR1","args":{"verb":"GET","d$localData":{"branches":"$output.body;"},"url":"https://api.github.com/repos/facebook/react/branches"},"isCheckpoint":false,"description":"Call the GET /repos/:owner/:repo/branches API","durationMs":461,"macroStack":[],"result":"passed","segment":1},{"action":"org.getopentest.base.ScriptAction","actorType":"ACTOR1","args":{},"isCheckpoint":false,"description":"Verify that the branches array was returned and is not empty","durationMs":99,"macroStack":[],"result":"passed","segment":1}],"currentIteration":1,"currentSegmentIndex":0,"isDataDriven":false,"name":"GitHub API test","path":"api","result":"passed","status":"completed","segments":[{"index":0,"result":"passed","status":"completed","timeStarted":1610460824833,"timeCompleted":1610460824837},{"index":1,"result":"passed","status":"completed","timeStarted":1610460824848,"timeCompleted":1610460825437}],"tags":[],"timeStarted":1610460824833,"timeCompleted":1610460825437},{"actions":[{"action":"org.getopentest.base.ScriptAction","actorType":"ACTOR1","args":{},"isCheckpoint":false,"description":"Calculate the time and date for exactly one week from now","durationMs":456,"macroStack":[],"result":"passed","segment":1}],"currentIteration":1,"currentSegmentIndex":0,"isDataDriven":false,"name":"Using an external JavaScript file","path":"other","result":"passed","status":"completed","segments":[{"index":0,"result":"passed","status":"completed","timeStarted":1610460831235,"timeCompleted":1610460831243},{"index":1,"result":"passed","status":"completed","timeStarted":1610460831256,"timeCompleted":1610460831722}],"tags":[],"timeStarted":1610460831235,"timeCompleted":1610460831722}],"timeCreated":1610460779379,"timeStarted":1610460824833,"timeCompleted":1610460831722,"lastActivity":1610460831721,"_id":"sbAh4iO1VXLFu3cV","actorTags":[],"environment":"","currentDataRecordIndex":-1}
{"id":1610709816,"actors":{"9054":{"id":9054,"lastSeenTime":1610709815165,"testSessionId":1610709816,"type":"WEB","tags":[],"_id":"qAyOoUUTwLoRK6oJ","ip":"::ffff:127.0.0.1","tests":[{"currentSegmentIndex":1,"segments":[{"index":0,"status":"completed","timeStarted":1610709821235,"timeCompleted":1610709821239,"result":"passed"},{"index":1,"status":"completed","timeStarted":1610709821252,"timeCompleted":1610709827044,"result":"passed"}],"name":"Web Browser XSS Protection Not Enabled","path":"","timeCompleted":null,"timeStarted":1610709821235}]}},"maxIterations":"1","currentIteration":1,"currentTestIndex":1,"currentSegmentIndex":0,"label":"Session 1610709816","result":"passed","status":"completed","tests":[{"actions":[{"action":"org.getopentest.selenium.NavigateTo","actorType":"WEB","args":{"url":"http://localhost:3000/","script":"<script>alert(XSS)</script>"},"isCheckpoint":false,"description":"Navigate to the Page http://localhost:3000/","durationMs":5785,"macroStack":[],"result":"passed","segment":1}],"currentIteration":1,"currentSegmentIndex":0,"isDataDriven":false,"name":"Web Browser XSS Protection Not Enabled","path":"","result":"passed","status":"completed","segments":[{"index":0,"result":"passed","status":"completed","timeStarted":1610709821235,"timeCompleted":1610709821239},{"index":1,"result":"passed","status":"completed","timeStarted":1610709821252,"timeCompleted":1610709827044}],"tags":[],"timeStarted":1610709821235,"timeCompleted":1610709827044}],"timeCreated":1610709816058,"timeStarted":1610709821235,"timeCompleted":1610709827044,"lastActivity":1610709827044,"_id":"ymAACPYHKB8HHvGc","actorTags":[],"environment":"","currentDataRecordIndex":-1}
{"id":1610711030,"actors":{},"maxIterations":1,"currentIteration":1,"currentTestIndex":0,"currentSegmentIndex":0,"label":"Session 1610711030","result":"pending","status":"acquiring-actors","tests":[],"timeCreated":1610711030495,"timeStarted":null,"timeCompleted":null,"lastActivity":1610711030495,"_id":"nPpm09Lg7sN5316M"}
{"id":1610711030,"actors":{},"maxIterations":"1","currentIteration":1,"currentTestIndex":0,"currentSegmentIndex":0,"label":"Session 1610711030","result":"pending","status":"acquiring-actors","tests":[{"actions":[],"currentIteration":1,"currentSegmentIndex":0,"isDataDriven":false,"name":"Web Browser XSS Protection Not Enabled","path":"","result":"pending","status":"pending","segments":[{"index":0,"result":"pending","status":"pending"},{"index":1,"result":"pending","status":"pending"}],"tags":[]}],"timeCreated":1610711030495,"timeStarted":null,"timeCompleted":null,"lastActivity":1610711030495,"_id":"nPpm09Lg7sN5316M","actorTags":[],"environment":""}
{"id":1610711030,"actors":{"9054":{"id":9054,"lastSeenTime":1610711027848,"testSessionId":1610711030,"type":"WEB","tags":[],"_id":"qAyOoUUTwLoRK6oJ","ip":"::ffff:127.0.0.1","tests":[]}},"maxIterations":"1","currentIteration":1,"currentTestIndex":0,"currentSegmentIndex":0,"label":"Session 1610711030","result":"pending","status":"started","tests":[{"actions":[],"currentIteration":1,"currentSegmentIndex":0,"isDataDriven":false,"name":"Web Browser XSS Protection Not Enabled","path":"","result":"pending","status":"pending","segments":[{"index":0,"result":"pending","status":"pending"},{"index":1,"result":"pending","status":"pending"}],"tags":[]}],"timeCreated":1610711030495,"timeStarted":null,"timeCompleted":null,"lastActivity":1610711030495,"_id":"nPpm09Lg7sN5316M","actorTags":[],"environment":""}
{"id":1610711030,"actors":{"9054":{"id":9054,"lastSeenTime":1610711027848,"testSessionId":1610711030,"type":"WEB","tags":[],"_id":"qAyOoUUTwLoRK6oJ","ip":"::ffff:127.0.0.1","tests":[{"currentSegmentIndex":0,"segments":[{"index":0,"status":"started","timeStarted":1610711033339,"timeCompleted":null,"result":"pending"}],"name":"Web Browser XSS Protection Not Enabled","path":"","timeCompleted":null,"timeStarted":1610711033339}]}},"maxIterations":"1","currentIteration":1,"currentTestIndex":0,"currentSegmentIndex":0,"label":"Session 1610711030","result":"pending","status":"started","tests":[{"actions":[],"currentIteration":1,"currentSegmentIndex":0,"isDataDriven":false,"name":"Web Browser XSS Protection Not Enabled","path":"","result":"pending","status":"pending","segments":[{"index":0,"result":"pending","status":"pending","timeStarted":1610711033339},{"index":1,"result":"pending","status":"pending"}],"tags":[],"timeStarted":1610711033339}],"timeCreated":1610711030495,"timeStarted":1610711033339,"timeCompleted":null,"lastActivity":1610711033336,"_id":"nPpm09Lg7sN5316M","actorTags":[],"environment":""}
{"id":1610711030,"actors":{"9054":{"id":9054,"lastSeenTime":1610711027848,"testSessionId":1610711030,"type":"WEB","tags":[],"_id":"qAyOoUUTwLoRK6oJ","ip":"::ffff:127.0.0.1","tests":[{"currentSegmentIndex":0,"segments":[{"index":0,"status":"completed","timeStarted":1610711033339,"timeCompleted":1610711033341,"result":"passed"}],"name":"Web Browser XSS Protection Not Enabled","path":"","timeCompleted":null,"timeStarted":1610711033339}]}},"maxIterations":"1","currentIteration":1,"currentTestIndex":0,"currentSegmentIndex":1,"label":"Session 1610711030","result":"pending","status":"started","tests":[{"actions":[],"currentIteration":1,"currentSegmentIndex":0,"isDataDriven":false,"name":"Web Browser XSS Protection Not Enabled","path":"","result":"pending","status":"pending","segments":[{"index":0,"result":"passed","status":"completed","timeStarted":1610711033339,"timeCompleted":1610711033341},{"index":1,"result":"pending","status":"pending"}],"tags":[],"timeStarted":1610711033339}],"timeCreated":1610711030495,"timeStarted":1610711033339,"timeCompleted":null,"lastActivity":1610711033341,"_id":"nPpm09Lg7sN5316M","actorTags":[],"environment":""}
{"id":1610711030,"actors":{"9054":{"id":9054,"lastSeenTime":1610711027848,"testSessionId":1610711030,"type":"WEB","tags":[],"_id":"qAyOoUUTwLoRK6oJ","ip":"::ffff:127.0.0.1","tests":[{"currentSegmentIndex":1,"segments":[{"index":0,"status":"completed","timeStarted":1610711033339,"timeCompleted":1610711033341,"result":"passed"},{"index":1,"status":"started","timeStarted":1610711033349,"timeCompleted":null,"result":"pending"}],"name":"Web Browser XSS Protection Not Enabled","path":"","timeCompleted":null,"timeStarted":1610711033339}]}},"maxIterations":"1","currentIteration":1,"currentTestIndex":0,"currentSegmentIndex":1,"label":"Session 1610711030","result":"pending","status":"started","tests":[{"actions":[],"currentIteration":1,"currentSegmentIndex":0,"isDataDriven":false,"name":"Web Browser XSS Protection Not Enabled","path":"","result":"pending","status":"pending","segments":[{"index":0,"result":"passed","status":"completed","timeStarted":1610711033339,"timeCompleted":1610711033341},{"index":1,"result":"pending","status":"pending","timeStarted":1610711033349}],"tags":[],"timeStarted":1610711033339}],"timeCreated":1610711030495,"timeStarted":1610711033339,"timeCompleted":null,"lastActivity":1610711033348,"_id":"nPpm09Lg7sN5316M","actorTags":[],"environment":""}
{"id":1610711030,"actors":{"9054":{"id":9054,"lastSeenTime":1610711027848,"testSessionId":1610711030,"type":"WEB","tags":[],"_id":"qAyOoUUTwLoRK6oJ","ip":"::ffff:127.0.0.1","tests":[{"currentSegmentIndex":1,"segments":[{"index":0,"status":"completed","timeStarted":1610711033339,"timeCompleted":1610711033341,"result":"passed"},{"index":1,"status":"completed","timeStarted":1610711033349,"timeCompleted":1610711033362,"result":"failed","stackTrace":"java.lang.RuntimeException: There was an error while executing action no. 1 (org.getopentest.selenium.NavigateTo) in segment 1 of test /Web Browser XSS Protection Not Enabled.\nThe action definition was:\n{\n  \"action\": \"org.getopentest.selenium.NavigateTo\",\n  \"args\": {\n    \"url\": \"http://localhost:3000/\",\n    \"script\": \"$log(\\\"Hello!\\\"\\\");\"\n  },\n  \"description\": \"Navigate to the Page http://localhost:3000/\"\n}\r\n\tat org.getopentest.base.TestActor.executeTestSegment(TestActor.java:2123)\r\n\tat org.getopentest.base.TestActor.runOneSession(TestActor.java:2981)\r\n\tat org.getopentest.base.TestActor.runOneSession(TestActor.java:3017)\r\n\tat org.getopentest.Main.main(Main.java:20)\r\nCaused by: java.lang.RuntimeException: Failed executing action org.getopentest.selenium.NavigateTo (arguments not available because the current action instance was not populated)\r\n\tat org.getopentest.base.TestActor.executeActionByDef(TestActor.java:1821)\r\n\tat org.getopentest.base.TestActor.executeTestSegment(TestActor.java:2073)\r\n\t... 3 more\r\nCaused by: java.lang.RuntimeException: There was an error while evaluating property \"script\"\r\n\tat org.getopentest.base.TestActor.evalObject(TestActor.java:1349)\r\n\tat org.getopentest.base.TestActor.executeActionByDef(TestActor.java:1655)\r\n\t... 4 more\r\nCaused by: java.lang.RuntimeException: Failed to evaluate JavaScript code at line number ?. The script content was: \n$log(\"Hello!\"\");\r\n\tat org.getopentest.base.TestActor.evalScript(TestActor.java:1441)\r\n\tat org.getopentest.base.TestActor.evalString(TestActor.java:1471)\r\n\tat org.getopentest.base.TestActor.evalObject(TestActor.java:1389)\r\n\tat org.getopentest.base.TestActor.evalObject(TestActor.java:1346)\r\n\t... 5 more\r\nCaused by: javax.script.ScriptException: <eval>:1:16 Missing close quote\r\n$log(\"Hello!\"\");\r\n                ^ in <eval> at line number 1 at column number 16\r\n\tat jdk.scripting.nashorn/jdk.nashorn.api.scripting.NashornScriptEngine.throwAsScriptException(NashornScriptEngine.java:477)\r\n\tat jdk.scripting.nashorn/jdk.nashorn.api.scripting.NashornScriptEngine.compileImpl(NashornScriptEngine.java:544)\r\n\tat jdk.scripting.nashorn/jdk.nashorn.api.scripting.NashornScriptEngine.compileImpl(NashornScriptEngine.java:531)\r\n\tat jdk.scripting.nashorn/jdk.nashorn.api.scripting.NashornScriptEngine.evalImpl(NashornScriptEngine.java:409)\r\n\tat jdk.scripting.nashorn/jdk.nashorn.api.scripting.NashornScriptEngine.eval(NashornScriptEngine.java:162)\r\n\tat java.scripting/javax.script.AbstractScriptEngine.eval(AbstractScriptEngine.java:264)\r\n\tat org.getopentest.base.TestActor.evalScript(TestActor.java:1427)\r\n\t... 8 more\r\nCaused by: jdk.nashorn.internal.runtime.ParserException: <eval>:1:16 Missing close quote\r\n$log(\"Hello!\"\");\r\n                ^\r\n\tat jdk.scripting.nashorn/jdk.nashorn.internal.parser.Lexer.error(Lexer.java:1860)\r\n\tat jdk.scripting.nashorn/jdk.nashorn.internal.parser.Lexer.scanString(Lexer.java:1006)\r\n\tat jdk.scripting.nashorn/jdk.nashorn.internal.parser.Lexer.lexify(Lexer.java:1717)\r\n\tat jdk.scripting.nashorn/jdk.nashorn.internal.parser.AbstractParser.getToken(AbstractParser.java:135)\r\n\tat jdk.scripting.nashorn/jdk.nashorn.internal.parser.AbstractParser.nextToken(AbstractParser.java:216)\r\n\tat jdk.scripting.nashorn/jdk.nashorn.internal.parser.AbstractParser.nextOrEOL(AbstractParser.java:173)\r\n\tat jdk.scripting.nashorn/jdk.nashorn.internal.parser.AbstractParser.next(AbstractParser.java:160)\r\n\tat jdk.scripting.nashorn/jdk.nashorn.internal.parser.Parser.scanFirstToken(Parser.java:293)\r\n\tat jdk.scripting.nashorn/jdk.nashorn.internal.parser.Parser.parse(Parser.java:323)\r\n\tat jdk.scripting.nashorn/jdk.nashorn.internal.parser.Parser.parse(Parser.java:285)\r\n\tat jdk.scripting.nashorn/jdk.nashorn.internal.runtime.Context.compile(Context.java:1500)\r\n\tat jdk.scripting.nashorn/jdk.nashorn.internal.runtime.Context.compileScript(Context.java:1467)\r\n\tat jdk.scripting.nashorn/jdk.nashorn.internal.runtime.Context.compileScript(Context.java:750)\r\n\tat jdk.scripting.nashorn/jdk.nashorn.api.scripting.NashornScriptEngine.compileImpl(NashornScriptEngine.java:542)\r\n\t... 13 more\r\n"}],"name":"Web Browser XSS Protection Not Enabled","path":"","timeCompleted":null,"timeStarted":1610711033339}]}},"maxIterations":"1","currentIteration":1,"currentTestIndex":1,"currentSegmentIndex":0,"label":"Session 1610711030","result":"pending","status":"started","tests":[{"actions":[{"actorType":"WEB","isCheckpoint":false,"durationMs":0,"macroStack":[],"result":"failed","segment":1,"stackTrace":"java.lang.RuntimeException: There was an error while evaluating property \"script\"\r\n\tat org.getopentest.base.TestActor.evalObject(TestActor.java:1349)\r\n\tat org.getopentest.base.TestActor.executeActionByDef(TestActor.java:1655)\r\n\tat org.getopentest.base.TestActor.executeTestSegment(TestActor.java:2073)\r\n\tat org.getopentest.base.TestActor.runOneSession(TestActor.java:2981)\r\n\tat org.getopentest.base.TestActor.runOneSession(TestActor.java:3017)\r\n\tat org.getopentest.Main.main(Main.java:20)\r\nCaused by: java.lang.RuntimeException: Failed to evaluate JavaScript code at line number ?. The script content was: \n$log(\"Hello!\"\");\r\n\tat org.getopentest.base.TestActor.evalScript(TestActor.java:1441)\r\n\tat org.getopentest.base.TestActor.evalString(TestActor.java:1471)\r\n\tat org.getopentest.base.TestActor.evalObject(TestActor.java:1389)\r\n\tat org.getopentest.base.TestActor.evalObject(TestActor.java:1346)\r\n\t... 5 more\r\nCaused by: javax.script.ScriptException: <eval>:1:16 Missing close quote\r\n$log(\"Hello!\"\");\r\n                ^ in <eval> at line number 1 at column number 16\r\n\tat jdk.scripting.nashorn/jdk.nashorn.api.scripting.NashornScriptEngine.throwAsScriptException(NashornScriptEngine.java:477)\r\n\tat jdk.scripting.nashorn/jdk.nashorn.api.scripting.NashornScriptEngine.compileImpl(NashornScriptEngine.java:544)\r\n\tat jdk.scripting.nashorn/jdk.nashorn.api.scripting.NashornScriptEngine.compileImpl(NashornScriptEngine.java:531)\r\n\tat jdk.scripting.nashorn/jdk.nashorn.api.scripting.NashornScriptEngine.evalImpl(NashornScriptEngine.java:409)\r\n\tat jdk.scripting.nashorn/jdk.nashorn.api.scripting.NashornScriptEngine.eval(NashornScriptEngine.java:162)\r\n\tat java.scripting/javax.script.AbstractScriptEngine.eval(AbstractScriptEngine.java:264)\r\n\tat org.getopentest.base.TestActor.evalScript(TestActor.java:1427)\r\n\t... 8 more\r\nCaused by: jdk.nashorn.internal.runtime.ParserException: <eval>:1:16 Missing close quote\r\n$log(\"Hello!\"\");\r\n                ^\r\n\tat jdk.scripting.nashorn/jdk.nashorn.internal.parser.Lexer.error(Lexer.java:1860)\r\n\tat jdk.scripting.nashorn/jdk.nashorn.internal.parser.Lexer.scanString(Lexer.java:1006)\r\n\tat jdk.scripting.nashorn/jdk.nashorn.internal.parser.Lexer.lexify(Lexer.java:1717)\r\n\tat jdk.scripting.nashorn/jdk.nashorn.internal.parser.AbstractParser.getToken(AbstractParser.java:135)\r\n\tat jdk.scripting.nashorn/jdk.nashorn.internal.parser.AbstractParser.nextToken(AbstractParser.java:216)\r\n\tat jdk.scripting.nashorn/jdk.nashorn.internal.parser.AbstractParser.nextOrEOL(AbstractParser.java:173)\r\n\tat jdk.scripting.nashorn/jdk.nashorn.internal.parser.AbstractParser.next(AbstractParser.java:160)\r\n\tat jdk.scripting.nashorn/jdk.nashorn.internal.parser.Parser.scanFirstToken(Parser.java:293)\r\n\tat jdk.scripting.nashorn/jdk.nashorn.internal.parser.Parser.parse(Parser.java:323)\r\n\tat jdk.scripting.nashorn/jdk.nashorn.internal.parser.Parser.parse(Parser.java:285)\r\n\tat jdk.scripting.nashorn/jdk.nashorn.internal.runtime.Context.compile(Context.java:1500)\r\n\tat jdk.scripting.nashorn/jdk.nashorn.internal.runtime.Context.compileScript(Context.java:1467)\r\n\tat jdk.scripting.nashorn/jdk.nashorn.internal.runtime.Context.compileScript(Context.java:750)\r\n\tat jdk.scripting.nashorn/jdk.nashorn.api.scripting.NashornScriptEngine.compileImpl(NashornScriptEngine.java:542)\r\n\t... 13 more\r\n"}],"currentIteration":1,"currentSegmentIndex":0,"isDataDriven":false,"name":"Web Browser XSS Protection Not Enabled","path":"","result":"failed","status":"completed","segments":[{"index":0,"result":"passed","status":"completed","timeStarted":1610711033339,"timeCompleted":1610711033341},{"index":1,"result":"failed","status":"completed","timeStarted":1610711033349,"timeCompleted":1610711033362}],"tags":[],"timeStarted":1610711033339,"timeCompleted":1610711033362}],"timeCreated":1610711030495,"timeStarted":1610711033339,"timeCompleted":null,"lastActivity":1610711033359,"_id":"nPpm09Lg7sN5316M","actorTags":[],"environment":"","currentDataRecordIndex":-1}
{"id":1610711030,"actors":{"9054":{"id":9054,"lastSeenTime":1610711027848,"testSessionId":1610711030,"type":"WEB","tags":[],"_id":"qAyOoUUTwLoRK6oJ","ip":"::ffff:127.0.0.1","tests":[{"currentSegmentIndex":1,"segments":[{"index":0,"status":"completed","timeStarted":1610711033339,"timeCompleted":1610711033341,"result":"passed"},{"index":1,"status":"completed","timeStarted":1610711033349,"timeCompleted":1610711033362,"result":"failed","stackTrace":"java.lang.RuntimeException: There was an error while executing action no. 1 (org.getopentest.selenium.NavigateTo) in segment 1 of test /Web Browser XSS Protection Not Enabled.\nThe action definition was:\n{\n  \"action\": \"org.getopentest.selenium.NavigateTo\",\n  \"args\": {\n    \"url\": \"http://localhost:3000/\",\n    \"script\": \"$log(\\\"Hello!\\\"\\\");\"\n  },\n  \"description\": \"Navigate to the Page http://localhost:3000/\"\n}\r\n\tat org.getopentest.base.TestActor.executeTestSegment(TestActor.java:2123)\r\n\tat org.getopentest.base.TestActor.runOneSession(TestActor.java:2981)\r\n\tat org.getopentest.base.TestActor.runOneSession(TestActor.java:3017)\r\n\tat org.getopentest.Main.main(Main.java:20)\r\nCaused by: java.lang.RuntimeException: Failed executing action org.getopentest.selenium.NavigateTo (arguments not available because the current action instance was not populated)\r\n\tat org.getopentest.base.TestActor.executeActionByDef(TestActor.java:1821)\r\n\tat org.getopentest.base.TestActor.executeTestSegment(TestActor.java:2073)\r\n\t... 3 more\r\nCaused by: java.lang.RuntimeException: There was an error while evaluating property \"script\"\r\n\tat org.getopentest.base.TestActor.evalObject(TestActor.java:1349)\r\n\tat org.getopentest.base.TestActor.executeActionByDef(TestActor.java:1655)\r\n\t... 4 more\r\nCaused by: java.lang.RuntimeException: Failed to evaluate JavaScript code at line number ?. The script content was: \n$log(\"Hello!\"\");\r\n\tat org.getopentest.base.TestActor.evalScript(TestActor.java:1441)\r\n\tat org.getopentest.base.TestActor.evalString(TestActor.java:1471)\r\n\tat org.getopentest.base.TestActor.evalObject(TestActor.java:1389)\r\n\tat org.getopentest.base.TestActor.evalObject(TestActor.java:1346)\r\n\t... 5 more\r\nCaused by: javax.script.ScriptException: <eval>:1:16 Missing close quote\r\n$log(\"Hello!\"\");\r\n                ^ in <eval> at line number 1 at column number 16\r\n\tat jdk.scripting.nashorn/jdk.nashorn.api.scripting.NashornScriptEngine.throwAsScriptException(NashornScriptEngine.java:477)\r\n\tat jdk.scripting.nashorn/jdk.nashorn.api.scripting.NashornScriptEngine.compileImpl(NashornScriptEngine.java:544)\r\n\tat jdk.scripting.nashorn/jdk.nashorn.api.scripting.NashornScriptEngine.compileImpl(NashornScriptEngine.java:531)\r\n\tat jdk.scripting.nashorn/jdk.nashorn.api.scripting.NashornScriptEngine.evalImpl(NashornScriptEngine.java:409)\r\n\tat jdk.scripting.nashorn/jdk.nashorn.api.scripting.NashornScriptEngine.eval(NashornScriptEngine.java:162)\r\n\tat java.scripting/javax.script.AbstractScriptEngine.eval(AbstractScriptEngine.java:264)\r\n\tat org.getopentest.base.TestActor.evalScript(TestActor.java:1427)\r\n\t... 8 more\r\nCaused by: jdk.nashorn.internal.runtime.ParserException: <eval>:1:16 Missing close quote\r\n$log(\"Hello!\"\");\r\n                ^\r\n\tat jdk.scripting.nashorn/jdk.nashorn.internal.parser.Lexer.error(Lexer.java:1860)\r\n\tat jdk.scripting.nashorn/jdk.nashorn.internal.parser.Lexer.scanString(Lexer.java:1006)\r\n\tat jdk.scripting.nashorn/jdk.nashorn.internal.parser.Lexer.lexify(Lexer.java:1717)\r\n\tat jdk.scripting.nashorn/jdk.nashorn.internal.parser.AbstractParser.getToken(AbstractParser.java:135)\r\n\tat jdk.scripting.nashorn/jdk.nashorn.internal.parser.AbstractParser.nextToken(AbstractParser.java:216)\r\n\tat jdk.scripting.nashorn/jdk.nashorn.internal.parser.AbstractParser.nextOrEOL(AbstractParser.java:173)\r\n\tat jdk.scripting.nashorn/jdk.nashorn.internal.parser.AbstractParser.next(AbstractParser.java:160)\r\n\tat jdk.scripting.nashorn/jdk.nashorn.internal.parser.Parser.scanFirstToken(Parser.java:293)\r\n\tat jdk.scripting.nashorn/jdk.nashorn.internal.parser.Parser.parse(Parser.java:323)\r\n\tat jdk.scripting.nashorn/jdk.nashorn.internal.parser.Parser.parse(Parser.java:285)\r\n\tat jdk.scripting.nashorn/jdk.nashorn.internal.runtime.Context.compile(Context.java:1500)\r\n\tat jdk.scripting.nashorn/jdk.nashorn.internal.runtime.Context.compileScript(Context.java:1467)\r\n\tat jdk.scripting.nashorn/jdk.nashorn.internal.runtime.Context.compileScript(Context.java:750)\r\n\tat jdk.scripting.nashorn/jdk.nashorn.api.scripting.NashornScriptEngine.compileImpl(NashornScriptEngine.java:542)\r\n\t... 13 more\r\n"}],"name":"Web Browser XSS Protection Not Enabled","path":"","timeCompleted":null,"timeStarted":1610711033339}]}},"maxIterations":"1","currentIteration":1,"currentTestIndex":1,"currentSegmentIndex":0,"label":"Session 1610711030","result":"failed","status":"completed","tests":[{"actions":[{"actorType":"WEB","isCheckpoint":false,"durationMs":0,"macroStack":[],"result":"failed","segment":1,"stackTrace":"java.lang.RuntimeException: There was an error while evaluating property \"script\"\r\n\tat org.getopentest.base.TestActor.evalObject(TestActor.java:1349)\r\n\tat org.getopentest.base.TestActor.executeActionByDef(TestActor.java:1655)\r\n\tat org.getopentest.base.TestActor.executeTestSegment(TestActor.java:2073)\r\n\tat org.getopentest.base.TestActor.runOneSession(TestActor.java:2981)\r\n\tat org.getopentest.base.TestActor.runOneSession(TestActor.java:3017)\r\n\tat org.getopentest.Main.main(Main.java:20)\r\nCaused by: java.lang.RuntimeException: Failed to evaluate JavaScript code at line number ?. The script content was: \n$log(\"Hello!\"\");\r\n\tat org.getopentest.base.TestActor.evalScript(TestActor.java:1441)\r\n\tat org.getopentest.base.TestActor.evalString(TestActor.java:1471)\r\n\tat org.getopentest.base.TestActor.evalObject(TestActor.java:1389)\r\n\tat org.getopentest.base.TestActor.evalObject(TestActor.java:1346)\r\n\t... 5 more\r\nCaused by: javax.script.ScriptException: <eval>:1:16 Missing close quote\r\n$log(\"Hello!\"\");\r\n                ^ in <eval> at line number 1 at column number 16\r\n\tat jdk.scripting.nashorn/jdk.nashorn.api.scripting.NashornScriptEngine.throwAsScriptException(NashornScriptEngine.java:477)\r\n\tat jdk.scripting.nashorn/jdk.nashorn.api.scripting.NashornScriptEngine.compileImpl(NashornScriptEngine.java:544)\r\n\tat jdk.scripting.nashorn/jdk.nashorn.api.scripting.NashornScriptEngine.compileImpl(NashornScriptEngine.java:531)\r\n\tat jdk.scripting.nashorn/jdk.nashorn.api.scripting.NashornScriptEngine.evalImpl(NashornScriptEngine.java:409)\r\n\tat jdk.scripting.nashorn/jdk.nashorn.api.scripting.NashornScriptEngine.eval(NashornScriptEngine.java:162)\r\n\tat java.scripting/javax.script.AbstractScriptEngine.eval(AbstractScriptEngine.java:264)\r\n\tat org.getopentest.base.TestActor.evalScript(TestActor.java:1427)\r\n\t... 8 more\r\nCaused by: jdk.nashorn.internal.runtime.ParserException: <eval>:1:16 Missing close quote\r\n$log(\"Hello!\"\");\r\n                ^\r\n\tat jdk.scripting.nashorn/jdk.nashorn.internal.parser.Lexer.error(Lexer.java:1860)\r\n\tat jdk.scripting.nashorn/jdk.nashorn.internal.parser.Lexer.scanString(Lexer.java:1006)\r\n\tat jdk.scripting.nashorn/jdk.nashorn.internal.parser.Lexer.lexify(Lexer.java:1717)\r\n\tat jdk.scripting.nashorn/jdk.nashorn.internal.parser.AbstractParser.getToken(AbstractParser.java:135)\r\n\tat jdk.scripting.nashorn/jdk.nashorn.internal.parser.AbstractParser.nextToken(AbstractParser.java:216)\r\n\tat jdk.scripting.nashorn/jdk.nashorn.internal.parser.AbstractParser.nextOrEOL(AbstractParser.java:173)\r\n\tat jdk.scripting.nashorn/jdk.nashorn.internal.parser.AbstractParser.next(AbstractParser.java:160)\r\n\tat jdk.scripting.nashorn/jdk.nashorn.internal.parser.Parser.scanFirstToken(Parser.java:293)\r\n\tat jdk.scripting.nashorn/jdk.nashorn.internal.parser.Parser.parse(Parser.java:323)\r\n\tat jdk.scripting.nashorn/jdk.nashorn.internal.parser.Parser.parse(Parser.java:285)\r\n\tat jdk.scripting.nashorn/jdk.nashorn.internal.runtime.Context.compile(Context.java:1500)\r\n\tat jdk.scripting.nashorn/jdk.nashorn.internal.runtime.Context.compileScript(Context.java:1467)\r\n\tat jdk.scripting.nashorn/jdk.nashorn.internal.runtime.Context.compileScript(Context.java:750)\r\n\tat jdk.scripting.nashorn/jdk.nashorn.api.scripting.NashornScriptEngine.compileImpl(NashornScriptEngine.java:542)\r\n\t... 13 more\r\n"}],"currentIteration":1,"currentSegmentIndex":0,"isDataDriven":false,"name":"Web Browser XSS Protection Not Enabled","path":"","result":"failed","status":"completed","segments":[{"index":0,"result":"passed","status":"completed","timeStarted":1610711033339,"timeCompleted":1610711033341},{"index":1,"result":"failed","status":"completed","timeStarted":1610711033349,"timeCompleted":1610711033362}],"tags":[],"timeStarted":1610711033339,"timeCompleted":1610711033362}],"timeCreated":1610711030495,"timeStarted":1610711033339,"timeCompleted":1610711033362,"lastActivity":1610711033359,"_id":"nPpm09Lg7sN5316M","actorTags":[],"environment":"","currentDataRecordIndex":-1}
{"$$deleted":true,"_id":"UjchAbhrKTpUU0cS"}
{"$$deleted":true,"_id":"E924zBMh5BDZVPch"}
{"$$deleted":true,"_id":"dYg56reqTXjUILQR"}
{"$$deleted":true,"_id":"nPpm09Lg7sN5316M"}
{"$$deleted":true,"_id":"iTvVUa1NmEMvlud1"}
{"id":1610711192,"actors":{},"maxIterations":1,"currentIteration":1,"currentTestIndex":0,"currentSegmentIndex":0,"label":"Session 1610711192","result":"pending","status":"acquiring-actors","tests":[],"timeCreated":1610711192142,"timeStarted":null,"timeCompleted":null,"lastActivity":1610711192142,"_id":"fm3K6EaaG8kWZfXv"}
{"id":1610711192,"actors":{},"maxIterations":"1","currentIteration":1,"currentTestIndex":0,"currentSegmentIndex":0,"label":"Session 1610711192","result":"pending","status":"acquiring-actors","tests":[{"actions":[],"currentIteration":1,"currentSegmentIndex":0,"isDataDriven":false,"name":"Web Browser XSS Protection Not Enabled","path":"","result":"pending","status":"pending","segments":[{"index":0,"result":"pending","status":"pending"},{"index":1,"result":"pending","status":"pending"}],"tags":[]}],"timeCreated":1610711192142,"timeStarted":null,"timeCompleted":null,"lastActivity":1610711192142,"_id":"fm3K6EaaG8kWZfXv","actorTags":[],"environment":""}
{"id":1610711192,"actors":{"9054":{"id":9054,"lastSeenTime":1610711188205,"testSessionId":1610711192,"type":"WEB","tags":[],"_id":"qAyOoUUTwLoRK6oJ","ip":"::ffff:127.0.0.1","tests":[]}},"maxIterations":"1","currentIteration":1,"currentTestIndex":0,"currentSegmentIndex":0,"label":"Session 1610711192","result":"pending","status":"started","tests":[{"actions":[],"currentIteration":1,"currentSegmentIndex":0,"isDataDriven":false,"name":"Web Browser XSS Protection Not Enabled","path":"","result":"pending","status":"pending","segments":[{"index":0,"result":"pending","status":"pending"},{"index":1,"result":"pending","status":"pending"}],"tags":[]}],"timeCreated":1610711192142,"timeStarted":null,"timeCompleted":null,"lastActivity":1610711192142,"_id":"fm3K6EaaG8kWZfXv","actorTags":[],"environment":""}
{"id":1610711192,"actors":{"9054":{"id":9054,"lastSeenTime":1610711188205,"testSessionId":1610711192,"type":"WEB","tags":[],"_id":"qAyOoUUTwLoRK6oJ","ip":"::ffff:127.0.0.1","tests":[{"currentSegmentIndex":0,"segments":[{"index":0,"status":"started","timeStarted":1610711194005,"timeCompleted":null,"result":"pending"}],"name":"Web Browser XSS Protection Not Enabled","path":"","timeCompleted":null,"timeStarted":1610711194005}]}},"maxIterations":"1","currentIteration":1,"currentTestIndex":0,"currentSegmentIndex":0,"label":"Session 1610711192","result":"pending","status":"started","tests":[{"actions":[],"currentIteration":1,"currentSegmentIndex":0,"isDataDriven":false,"name":"Web Browser XSS Protection Not Enabled","path":"","result":"pending","status":"pending","segments":[{"index":0,"result":"pending","status":"pending","timeStarted":1610711194005},{"index":1,"result":"pending","status":"pending"}],"tags":[],"timeStarted":1610711194005}],"timeCreated":1610711192142,"timeStarted":1610711194005,"timeCompleted":null,"lastActivity":1610711194003,"_id":"fm3K6EaaG8kWZfXv","actorTags":[],"environment":""}
{"id":1610711192,"actors":{"9054":{"id":9054,"lastSeenTime":1610711188205,"testSessionId":1610711192,"type":"WEB","tags":[],"_id":"qAyOoUUTwLoRK6oJ","ip":"::ffff:127.0.0.1","tests":[{"currentSegmentIndex":0,"segments":[{"index":0,"status":"completed","timeStarted":1610711194005,"timeCompleted":1610711194007,"result":"passed"}],"name":"Web Browser XSS Protection Not Enabled","path":"","timeCompleted":null,"timeStarted":1610711194005}]}},"maxIterations":"1","currentIteration":1,"currentTestIndex":0,"currentSegmentIndex":1,"label":"Session 1610711192","result":"pending","status":"started","tests":[{"actions":[],"currentIteration":1,"currentSegmentIndex":0,"isDataDriven":false,"name":"Web Browser XSS Protection Not Enabled","path":"","result":"pending","status":"pending","segments":[{"index":0,"result":"passed","status":"completed","timeStarted":1610711194005,"timeCompleted":1610711194007},{"index":1,"result":"pending","status":"pending"}],"tags":[],"timeStarted":1610711194005}],"timeCreated":1610711192142,"timeStarted":1610711194005,"timeCompleted":null,"lastActivity":1610711194007,"_id":"fm3K6EaaG8kWZfXv","actorTags":[],"environment":""}
{"id":1610711192,"actors":{"9054":{"id":9054,"lastSeenTime":1610711188205,"testSessionId":1610711192,"type":"WEB","tags":[],"_id":"qAyOoUUTwLoRK6oJ","ip":"::ffff:127.0.0.1","tests":[{"currentSegmentIndex":1,"segments":[{"index":0,"status":"completed","timeStarted":1610711194005,"timeCompleted":1610711194007,"result":"passed"},{"index":1,"status":"started","timeStarted":1610711194017,"timeCompleted":null,"result":"pending"}],"name":"Web Browser XSS Protection Not Enabled","path":"","timeCompleted":null,"timeStarted":1610711194005}]}},"maxIterations":"1","currentIteration":1,"currentTestIndex":0,"currentSegmentIndex":1,"label":"Session 1610711192","result":"pending","status":"started","tests":[{"actions":[],"currentIteration":1,"currentSegmentIndex":0,"isDataDriven":false,"name":"Web Browser XSS Protection Not Enabled","path":"","result":"pending","status":"pending","segments":[{"index":0,"result":"passed","status":"completed","timeStarted":1610711194005,"timeCompleted":1610711194007},{"index":1,"result":"pending","status":"pending","timeStarted":1610711194017}],"tags":[],"timeStarted":1610711194005}],"timeCreated":1610711192142,"timeStarted":1610711194005,"timeCompleted":null,"lastActivity":1610711194016,"_id":"fm3K6EaaG8kWZfXv","actorTags":[],"environment":""}
{"id":1610711192,"actors":{"9054":{"id":9054,"lastSeenTime":1610711188205,"testSessionId":1610711192,"type":"WEB","tags":[],"_id":"qAyOoUUTwLoRK6oJ","ip":"::ffff:127.0.0.1","tests":[{"currentSegmentIndex":1,"segments":[{"index":0,"status":"completed","timeStarted":1610711194005,"timeCompleted":1610711194007,"result":"passed"},{"index":1,"status":"completed","timeStarted":1610711194017,"timeCompleted":1610711194026,"result":"failed","stackTrace":"java.lang.RuntimeException: There was an error while executing action no. 1 (org.getopentest.selenium.NavigateTo) in segment 1 of test /Web Browser XSS Protection Not Enabled.\nThe action definition was:\n{\n  \"action\": \"org.getopentest.selenium.NavigateTo\",\n  \"args\": {\n    \"url\": \"http://localhost:3000/\",\n    \"script\": \"$log(\\\"Hello!);\"\n  },\n  \"description\": \"Navigate to the Page http://localhost:3000/\"\n}\r\n\tat org.getopentest.base.TestActor.executeTestSegment(TestActor.java:2123)\r\n\tat org.getopentest.base.TestActor.runOneSession(TestActor.java:2981)\r\n\tat org.getopentest.base.TestActor.runOneSession(TestActor.java:3017)\r\n\tat org.getopentest.Main.main(Main.java:20)\r\nCaused by: java.lang.RuntimeException: Failed executing action org.getopentest.selenium.NavigateTo (arguments not available because the current action instance was not populated)\r\n\tat org.getopentest.base.TestActor.executeActionByDef(TestActor.java:1821)\r\n\tat org.getopentest.base.TestActor.executeTestSegment(TestActor.java:2073)\r\n\t... 3 more\r\nCaused by: java.lang.RuntimeException: There was an error while evaluating property \"script\"\r\n\tat org.getopentest.base.TestActor.evalObject(TestActor.java:1349)\r\n\tat org.getopentest.base.TestActor.executeActionByDef(TestActor.java:1655)\r\n\t... 4 more\r\nCaused by: java.lang.RuntimeException: Failed to evaluate JavaScript code at line number ?. The script content was: \n$log(\"Hello!);\r\n\tat org.getopentest.base.TestActor.evalScript(TestActor.java:1441)\r\n\tat org.getopentest.base.TestActor.evalString(TestActor.java:1471)\r\n\tat org.getopentest.base.TestActor.evalObject(TestActor.java:1389)\r\n\tat org.getopentest.base.TestActor.evalObject(TestActor.java:1346)\r\n\t... 5 more\r\nCaused by: javax.script.ScriptException: <eval>:1:14 Missing close quote\r\n$log(\"Hello!);\r\n              ^ in <eval> at line number 1 at column number 14\r\n\tat jdk.scripting.nashorn/jdk.nashorn.api.scripting.NashornScriptEngine.throwAsScriptException(NashornScriptEngine.java:477)\r\n\tat jdk.scripting.nashorn/jdk.nashorn.api.scripting.NashornScriptEngine.compileImpl(NashornScriptEngine.java:544)\r\n\tat jdk.scripting.nashorn/jdk.nashorn.api.scripting.NashornScriptEngine.compileImpl(NashornScriptEngine.java:531)\r\n\tat jdk.scripting.nashorn/jdk.nashorn.api.scripting.NashornScriptEngine.evalImpl(NashornScriptEngine.java:409)\r\n\tat jdk.scripting.nashorn/jdk.nashorn.api.scripting.NashornScriptEngine.eval(NashornScriptEngine.java:162)\r\n\tat java.scripting/javax.script.AbstractScriptEngine.eval(AbstractScriptEngine.java:264)\r\n\tat org.getopentest.base.TestActor.evalScript(TestActor.java:1427)\r\n\t... 8 more\r\nCaused by: jdk.nashorn.internal.runtime.ParserException: <eval>:1:14 Missing close quote\r\n$log(\"Hello!);\r\n              ^\r\n\tat jdk.scripting.nashorn/jdk.nashorn.internal.parser.Lexer.error(Lexer.java:1860)\r\n\tat jdk.scripting.nashorn/jdk.nashorn.internal.parser.Lexer.scanString(Lexer.java:1006)\r\n\tat jdk.scripting.nashorn/jdk.nashorn.internal.parser.Lexer.lexify(Lexer.java:1717)\r\n\tat jdk.scripting.nashorn/jdk.nashorn.internal.parser.AbstractParser.getToken(AbstractParser.java:135)\r\n\tat jdk.scripting.nashorn/jdk.nashorn.internal.parser.AbstractParser.nextToken(AbstractParser.java:216)\r\n\tat jdk.scripting.nashorn/jdk.nashorn.internal.parser.AbstractParser.nextOrEOL(AbstractParser.java:173)\r\n\tat jdk.scripting.nashorn/jdk.nashorn.internal.parser.AbstractParser.next(AbstractParser.java:160)\r\n\tat jdk.scripting.nashorn/jdk.nashorn.internal.parser.Parser.scanFirstToken(Parser.java:293)\r\n\tat jdk.scripting.nashorn/jdk.nashorn.internal.parser.Parser.parse(Parser.java:323)\r\n\tat jdk.scripting.nashorn/jdk.nashorn.internal.parser.Parser.parse(Parser.java:285)\r\n\tat jdk.scripting.nashorn/jdk.nashorn.internal.runtime.Context.compile(Context.java:1500)\r\n\tat jdk.scripting.nashorn/jdk.nashorn.internal.runtime.Context.compileScript(Context.java:1467)\r\n\tat jdk.scripting.nashorn/jdk.nashorn.internal.runtime.Context.compileScript(Context.java:750)\r\n\tat jdk.scripting.nashorn/jdk.nashorn.api.scripting.NashornScriptEngine.compileImpl(NashornScriptEngine.java:542)\r\n\t... 13 more\r\n"}],"name":"Web Browser XSS Protection Not Enabled","path":"","timeCompleted":null,"timeStarted":1610711194005}]}},"maxIterations":"1","currentIteration":1,"currentTestIndex":1,"currentSegmentIndex":0,"label":"Session 1610711192","result":"pending","status":"started","tests":[{"actions":[{"actorType":"WEB","isCheckpoint":false,"durationMs":0,"macroStack":[],"result":"failed","segment":1,"stackTrace":"java.lang.RuntimeException: There was an error while evaluating property \"script\"\r\n\tat org.getopentest.base.TestActor.evalObject(TestActor.java:1349)\r\n\tat org.getopentest.base.TestActor.executeActionByDef(TestActor.java:1655)\r\n\tat org.getopentest.base.TestActor.executeTestSegment(TestActor.java:2073)\r\n\tat org.getopentest.base.TestActor.runOneSession(TestActor.java:2981)\r\n\tat org.getopentest.base.TestActor.runOneSession(TestActor.java:3017)\r\n\tat org.getopentest.Main.main(Main.java:20)\r\nCaused by: java.lang.RuntimeException: Failed to evaluate JavaScript code at line number ?. The script content was: \n$log(\"Hello!);\r\n\tat org.getopentest.base.TestActor.evalScript(TestActor.java:1441)\r\n\tat org.getopentest.base.TestActor.evalString(TestActor.java:1471)\r\n\tat org.getopentest.base.TestActor.evalObject(TestActor.java:1389)\r\n\tat org.getopentest.base.TestActor.evalObject(TestActor.java:1346)\r\n\t... 5 more\r\nCaused by: javax.script.ScriptException: <eval>:1:14 Missing close quote\r\n$log(\"Hello!);\r\n              ^ in <eval> at line number 1 at column number 14\r\n\tat jdk.scripting.nashorn/jdk.nashorn.api.scripting.NashornScriptEngine.throwAsScriptException(NashornScriptEngine.java:477)\r\n\tat jdk.scripting.nashorn/jdk.nashorn.api.scripting.NashornScriptEngine.compileImpl(NashornScriptEngine.java:544)\r\n\tat jdk.scripting.nashorn/jdk.nashorn.api.scripting.NashornScriptEngine.compileImpl(NashornScriptEngine.java:531)\r\n\tat jdk.scripting.nashorn/jdk.nashorn.api.scripting.NashornScriptEngine.evalImpl(NashornScriptEngine.java:409)\r\n\tat jdk.scripting.nashorn/jdk.nashorn.api.scripting.NashornScriptEngine.eval(NashornScriptEngine.java:162)\r\n\tat java.scripting/javax.script.AbstractScriptEngine.eval(AbstractScriptEngine.java:264)\r\n\tat org.getopentest.base.TestActor.evalScript(TestActor.java:1427)\r\n\t... 8 more\r\nCaused by: jdk.nashorn.internal.runtime.ParserException: <eval>:1:14 Missing close quote\r\n$log(\"Hello!);\r\n              ^\r\n\tat jdk.scripting.nashorn/jdk.nashorn.internal.parser.Lexer.error(Lexer.java:1860)\r\n\tat jdk.scripting.nashorn/jdk.nashorn.internal.parser.Lexer.scanString(Lexer.java:1006)\r\n\tat jdk.scripting.nashorn/jdk.nashorn.internal.parser.Lexer.lexify(Lexer.java:1717)\r\n\tat jdk.scripting.nashorn/jdk.nashorn.internal.parser.AbstractParser.getToken(AbstractParser.java:135)\r\n\tat jdk.scripting.nashorn/jdk.nashorn.internal.parser.AbstractParser.nextToken(AbstractParser.java:216)\r\n\tat jdk.scripting.nashorn/jdk.nashorn.internal.parser.AbstractParser.nextOrEOL(AbstractParser.java:173)\r\n\tat jdk.scripting.nashorn/jdk.nashorn.internal.parser.AbstractParser.next(AbstractParser.java:160)\r\n\tat jdk.scripting.nashorn/jdk.nashorn.internal.parser.Parser.scanFirstToken(Parser.java:293)\r\n\tat jdk.scripting.nashorn/jdk.nashorn.internal.parser.Parser.parse(Parser.java:323)\r\n\tat jdk.scripting.nashorn/jdk.nashorn.internal.parser.Parser.parse(Parser.java:285)\r\n\tat jdk.scripting.nashorn/jdk.nashorn.internal.runtime.Context.compile(Context.java:1500)\r\n\tat jdk.scripting.nashorn/jdk.nashorn.internal.runtime.Context.compileScript(Context.java:1467)\r\n\tat jdk.scripting.nashorn/jdk.nashorn.internal.runtime.Context.compileScript(Context.java:750)\r\n\tat jdk.scripting.nashorn/jdk.nashorn.api.scripting.NashornScriptEngine.compileImpl(NashornScriptEngine.java:542)\r\n\t... 13 more\r\n"}],"currentIteration":1,"currentSegmentIndex":0,"isDataDriven":false,"name":"Web Browser XSS Protection Not Enabled","path":"","result":"failed","status":"completed","segments":[{"index":0,"result":"passed","status":"completed","timeStarted":1610711194005,"timeCompleted":1610711194007},{"index":1,"result":"failed","status":"completed","timeStarted":1610711194017,"timeCompleted":1610711194026}],"tags":[],"timeStarted":1610711194005,"timeCompleted":1610711194026}],"timeCreated":1610711192142,"timeStarted":1610711194005,"timeCompleted":null,"lastActivity":1610711194025,"_id":"fm3K6EaaG8kWZfXv","actorTags":[],"environment":"","currentDataRecordIndex":-1}
{"id":1610711192,"actors":{"9054":{"id":9054,"lastSeenTime":1610711188205,"testSessionId":1610711192,"type":"WEB","tags":[],"_id":"qAyOoUUTwLoRK6oJ","ip":"::ffff:127.0.0.1","tests":[{"currentSegmentIndex":1,"segments":[{"index":0,"status":"completed","timeStarted":1610711194005,"timeCompleted":1610711194007,"result":"passed"},{"index":1,"status":"completed","timeStarted":1610711194017,"timeCompleted":1610711194026,"result":"failed","stackTrace":"java.lang.RuntimeException: There was an error while executing action no. 1 (org.getopentest.selenium.NavigateTo) in segment 1 of test /Web Browser XSS Protection Not Enabled.\nThe action definition was:\n{\n  \"action\": \"org.getopentest.selenium.NavigateTo\",\n  \"args\": {\n    \"url\": \"http://localhost:3000/\",\n    \"script\": \"$log(\\\"Hello!);\"\n  },\n  \"description\": \"Navigate to the Page http://localhost:3000/\"\n}\r\n\tat org.getopentest.base.TestActor.executeTestSegment(TestActor.java:2123)\r\n\tat org.getopentest.base.TestActor.runOneSession(TestActor.java:2981)\r\n\tat org.getopentest.base.TestActor.runOneSession(TestActor.java:3017)\r\n\tat org.getopentest.Main.main(Main.java:20)\r\nCaused by: java.lang.RuntimeException: Failed executing action org.getopentest.selenium.NavigateTo (arguments not available because the current action instance was not populated)\r\n\tat org.getopentest.base.TestActor.executeActionByDef(TestActor.java:1821)\r\n\tat org.getopentest.base.TestActor.executeTestSegment(TestActor.java:2073)\r\n\t... 3 more\r\nCaused by: java.lang.RuntimeException: There was an error while evaluating property \"script\"\r\n\tat org.getopentest.base.TestActor.evalObject(TestActor.java:1349)\r\n\tat org.getopentest.base.TestActor.executeActionByDef(TestActor.java:1655)\r\n\t... 4 more\r\nCaused by: java.lang.RuntimeException: Failed to evaluate JavaScript code at line number ?. The script content was: \n$log(\"Hello!);\r\n\tat org.getopentest.base.TestActor.evalScript(TestActor.java:1441)\r\n\tat org.getopentest.base.TestActor.evalString(TestActor.java:1471)\r\n\tat org.getopentest.base.TestActor.evalObject(TestActor.java:1389)\r\n\tat org.getopentest.base.TestActor.evalObject(TestActor.java:1346)\r\n\t... 5 more\r\nCaused by: javax.script.ScriptException: <eval>:1:14 Missing close quote\r\n$log(\"Hello!);\r\n              ^ in <eval> at line number 1 at column number 14\r\n\tat jdk.scripting.nashorn/jdk.nashorn.api.scripting.NashornScriptEngine.throwAsScriptException(NashornScriptEngine.java:477)\r\n\tat jdk.scripting.nashorn/jdk.nashorn.api.scripting.NashornScriptEngine.compileImpl(NashornScriptEngine.java:544)\r\n\tat jdk.scripting.nashorn/jdk.nashorn.api.scripting.NashornScriptEngine.compileImpl(NashornScriptEngine.java:531)\r\n\tat jdk.scripting.nashorn/jdk.nashorn.api.scripting.NashornScriptEngine.evalImpl(NashornScriptEngine.java:409)\r\n\tat jdk.scripting.nashorn/jdk.nashorn.api.scripting.NashornScriptEngine.eval(NashornScriptEngine.java:162)\r\n\tat java.scripting/javax.script.AbstractScriptEngine.eval(AbstractScriptEngine.java:264)\r\n\tat org.getopentest.base.TestActor.evalScript(TestActor.java:1427)\r\n\t... 8 more\r\nCaused by: jdk.nashorn.internal.runtime.ParserException: <eval>:1:14 Missing close quote\r\n$log(\"Hello!);\r\n              ^\r\n\tat jdk.scripting.nashorn/jdk.nashorn.internal.parser.Lexer.error(Lexer.java:1860)\r\n\tat jdk.scripting.nashorn/jdk.nashorn.internal.parser.Lexer.scanString(Lexer.java:1006)\r\n\tat jdk.scripting.nashorn/jdk.nashorn.internal.parser.Lexer.lexify(Lexer.java:1717)\r\n\tat jdk.scripting.nashorn/jdk.nashorn.internal.parser.AbstractParser.getToken(AbstractParser.java:135)\r\n\tat jdk.scripting.nashorn/jdk.nashorn.internal.parser.AbstractParser.nextToken(AbstractParser.java:216)\r\n\tat jdk.scripting.nashorn/jdk.nashorn.internal.parser.AbstractParser.nextOrEOL(AbstractParser.java:173)\r\n\tat jdk.scripting.nashorn/jdk.nashorn.internal.parser.AbstractParser.next(AbstractParser.java:160)\r\n\tat jdk.scripting.nashorn/jdk.nashorn.internal.parser.Parser.scanFirstToken(Parser.java:293)\r\n\tat jdk.scripting.nashorn/jdk.nashorn.internal.parser.Parser.parse(Parser.java:323)\r\n\tat jdk.scripting.nashorn/jdk.nashorn.internal.parser.Parser.parse(Parser.java:285)\r\n\tat jdk.scripting.nashorn/jdk.nashorn.internal.runtime.Context.compile(Context.java:1500)\r\n\tat jdk.scripting.nashorn/jdk.nashorn.internal.runtime.Context.compileScript(Context.java:1467)\r\n\tat jdk.scripting.nashorn/jdk.nashorn.internal.runtime.Context.compileScript(Context.java:750)\r\n\tat jdk.scripting.nashorn/jdk.nashorn.api.scripting.NashornScriptEngine.compileImpl(NashornScriptEngine.java:542)\r\n\t... 13 more\r\n"}],"name":"Web Browser XSS Protection Not Enabled","path":"","timeCompleted":null,"timeStarted":1610711194005}]}},"maxIterations":"1","currentIteration":1,"currentTestIndex":1,"currentSegmentIndex":0,"label":"Session 1610711192","result":"failed","status":"completed","tests":[{"actions":[{"actorType":"WEB","isCheckpoint":false,"durationMs":0,"macroStack":[],"result":"failed","segment":1,"stackTrace":"java.lang.RuntimeException: There was an error while evaluating property \"script\"\r\n\tat org.getopentest.base.TestActor.evalObject(TestActor.java:1349)\r\n\tat org.getopentest.base.TestActor.executeActionByDef(TestActor.java:1655)\r\n\tat org.getopentest.base.TestActor.executeTestSegment(TestActor.java:2073)\r\n\tat org.getopentest.base.TestActor.runOneSession(TestActor.java:2981)\r\n\tat org.getopentest.base.TestActor.runOneSession(TestActor.java:3017)\r\n\tat org.getopentest.Main.main(Main.java:20)\r\nCaused by: java.lang.RuntimeException: Failed to evaluate JavaScript code at line number ?. The script content was: \n$log(\"Hello!);\r\n\tat org.getopentest.base.TestActor.evalScript(TestActor.java:1441)\r\n\tat org.getopentest.base.TestActor.evalString(TestActor.java:1471)\r\n\tat org.getopentest.base.TestActor.evalObject(TestActor.java:1389)\r\n\tat org.getopentest.base.TestActor.evalObject(TestActor.java:1346)\r\n\t... 5 more\r\nCaused by: javax.script.ScriptException: <eval>:1:14 Missing close quote\r\n$log(\"Hello!);\r\n              ^ in <eval> at line number 1 at column number 14\r\n\tat jdk.scripting.nashorn/jdk.nashorn.api.scripting.NashornScriptEngine.throwAsScriptException(NashornScriptEngine.java:477)\r\n\tat jdk.scripting.nashorn/jdk.nashorn.api.scripting.NashornScriptEngine.compileImpl(NashornScriptEngine.java:544)\r\n\tat jdk.scripting.nashorn/jdk.nashorn.api.scripting.NashornScriptEngine.compileImpl(NashornScriptEngine.java:531)\r\n\tat jdk.scripting.nashorn/jdk.nashorn.api.scripting.NashornScriptEngine.evalImpl(NashornScriptEngine.java:409)\r\n\tat jdk.scripting.nashorn/jdk.nashorn.api.scripting.NashornScriptEngine.eval(NashornScriptEngine.java:162)\r\n\tat java.scripting/javax.script.AbstractScriptEngine.eval(AbstractScriptEngine.java:264)\r\n\tat org.getopentest.base.TestActor.evalScript(TestActor.java:1427)\r\n\t... 8 more\r\nCaused by: jdk.nashorn.internal.runtime.ParserException: <eval>:1:14 Missing close quote\r\n$log(\"Hello!);\r\n              ^\r\n\tat jdk.scripting.nashorn/jdk.nashorn.internal.parser.Lexer.error(Lexer.java:1860)\r\n\tat jdk.scripting.nashorn/jdk.nashorn.internal.parser.Lexer.scanString(Lexer.java:1006)\r\n\tat jdk.scripting.nashorn/jdk.nashorn.internal.parser.Lexer.lexify(Lexer.java:1717)\r\n\tat jdk.scripting.nashorn/jdk.nashorn.internal.parser.AbstractParser.getToken(AbstractParser.java:135)\r\n\tat jdk.scripting.nashorn/jdk.nashorn.internal.parser.AbstractParser.nextToken(AbstractParser.java:216)\r\n\tat jdk.scripting.nashorn/jdk.nashorn.internal.parser.AbstractParser.nextOrEOL(AbstractParser.java:173)\r\n\tat jdk.scripting.nashorn/jdk.nashorn.internal.parser.AbstractParser.next(AbstractParser.java:160)\r\n\tat jdk.scripting.nashorn/jdk.nashorn.internal.parser.Parser.scanFirstToken(Parser.java:293)\r\n\tat jdk.scripting.nashorn/jdk.nashorn.internal.parser.Parser.parse(Parser.java:323)\r\n\tat jdk.scripting.nashorn/jdk.nashorn.internal.parser.Parser.parse(Parser.java:285)\r\n\tat jdk.scripting.nashorn/jdk.nashorn.internal.runtime.Context.compile(Context.java:1500)\r\n\tat jdk.scripting.nashorn/jdk.nashorn.internal.runtime.Context.compileScript(Context.java:1467)\r\n\tat jdk.scripting.nashorn/jdk.nashorn.internal.runtime.Context.compileScript(Context.java:750)\r\n\tat jdk.scripting.nashorn/jdk.nashorn.api.scripting.NashornScriptEngine.compileImpl(NashornScriptEngine.java:542)\r\n\t... 13 more\r\n"}],"currentIteration":1,"currentSegmentIndex":0,"isDataDriven":false,"name":"Web Browser XSS Protection Not Enabled","path":"","result":"failed","status":"completed","segments":[{"index":0,"result":"passed","status":"completed","timeStarted":1610711194005,"timeCompleted":1610711194007},{"index":1,"result":"failed","status":"completed","timeStarted":1610711194017,"timeCompleted":1610711194026}],"tags":[],"timeStarted":1610711194005,"timeCompleted":1610711194026}],"timeCreated":1610711192142,"timeStarted":1610711194005,"timeCompleted":1610711194026,"lastActivity":1610711194025,"_id":"fm3K6EaaG8kWZfXv","actorTags":[],"environment":"","currentDataRecordIndex":-1}
{"id":1610711210,"actors":{},"maxIterations":1,"currentIteration":1,"currentTestIndex":0,"currentSegmentIndex":0,"label":"Session 1610711210","result":"pending","status":"acquiring-actors","tests":[],"timeCreated":1610711209951,"timeStarted":null,"timeCompleted":null,"lastActivity":1610711209951,"_id":"ut1KwM2LSssPOBir"}
{"id":1610711210,"actors":{},"maxIterations":"1","currentIteration":1,"currentTestIndex":0,"currentSegmentIndex":0,"label":"Session 1610711210","result":"pending","status":"acquiring-actors","tests":[{"actions":[],"currentIteration":1,"currentSegmentIndex":0,"isDataDriven":false,"name":"Web Browser XSS Protection Not Enabled","path":"","result":"pending","status":"pending","segments":[{"index":0,"result":"pending","status":"pending"},{"index":1,"result":"pending","status":"pending"}],"tags":[]}],"timeCreated":1610711209951,"timeStarted":null,"timeCompleted":null,"lastActivity":1610711209951,"_id":"ut1KwM2LSssPOBir","actorTags":[],"environment":""}
{"id":1610711210,"actors":{"9054":{"id":9054,"lastSeenTime":1610711208257,"testSessionId":1610711210,"type":"WEB","tags":[],"_id":"qAyOoUUTwLoRK6oJ","ip":"::ffff:127.0.0.1","tests":[]}},"maxIterations":"1","currentIteration":1,"currentTestIndex":0,"currentSegmentIndex":0,"label":"Session 1610711210","result":"pending","status":"started","tests":[{"actions":[],"currentIteration":1,"currentSegmentIndex":0,"isDataDriven":false,"name":"Web Browser XSS Protection Not Enabled","path":"","result":"pending","status":"pending","segments":[{"index":0,"result":"pending","status":"pending"},{"index":1,"result":"pending","status":"pending"}],"tags":[]}],"timeCreated":1610711209951,"timeStarted":null,"timeCompleted":null,"lastActivity":1610711209951,"_id":"ut1KwM2LSssPOBir","actorTags":[],"environment":""}
{"id":1610711210,"actors":{"9054":{"id":9054,"lastSeenTime":1610711208257,"testSessionId":1610711210,"type":"WEB","tags":[],"_id":"qAyOoUUTwLoRK6oJ","ip":"::ffff:127.0.0.1","tests":[{"currentSegmentIndex":0,"segments":[{"index":0,"status":"started","timeStarted":1610711213478,"timeCompleted":null,"result":"pending"}],"name":"Web Browser XSS Protection Not Enabled","path":"","timeCompleted":null,"timeStarted":1610711213478}]}},"maxIterations":"1","currentIteration":1,"currentTestIndex":0,"currentSegmentIndex":0,"label":"Session 1610711210","result":"pending","status":"started","tests":[{"actions":[],"currentIteration":1,"currentSegmentIndex":0,"isDataDriven":false,"name":"Web Browser XSS Protection Not Enabled","path":"","result":"pending","status":"pending","segments":[{"index":0,"result":"pending","status":"pending","timeStarted":1610711213478},{"index":1,"result":"pending","status":"pending"}],"tags":[],"timeStarted":1610711213478}],"timeCreated":1610711209951,"timeStarted":1610711213478,"timeCompleted":null,"lastActivity":1610711213476,"_id":"ut1KwM2LSssPOBir","actorTags":[],"environment":""}
{"id":1610711210,"actors":{"9054":{"id":9054,"lastSeenTime":1610711208257,"testSessionId":1610711210,"type":"WEB","tags":[],"_id":"qAyOoUUTwLoRK6oJ","ip":"::ffff:127.0.0.1","tests":[{"currentSegmentIndex":0,"segments":[{"index":0,"status":"completed","timeStarted":1610711213478,"timeCompleted":1610711213480,"result":"passed"}],"name":"Web Browser XSS Protection Not Enabled","path":"","timeCompleted":null,"timeStarted":1610711213478}]}},"maxIterations":"1","currentIteration":1,"currentTestIndex":0,"currentSegmentIndex":1,"label":"Session 1610711210","result":"pending","status":"started","tests":[{"actions":[],"currentIteration":1,"currentSegmentIndex":0,"isDataDriven":false,"name":"Web Browser XSS Protection Not Enabled","path":"","result":"pending","status":"pending","segments":[{"index":0,"result":"passed","status":"completed","timeStarted":1610711213478,"timeCompleted":1610711213480},{"index":1,"result":"pending","status":"pending"}],"tags":[],"timeStarted":1610711213478}],"timeCreated":1610711209951,"timeStarted":1610711213478,"timeCompleted":null,"lastActivity":1610711213480,"_id":"ut1KwM2LSssPOBir","actorTags":[],"environment":""}
{"id":1610711210,"actors":{"9054":{"id":9054,"lastSeenTime":1610711208257,"testSessionId":1610711210,"type":"WEB","tags":[],"_id":"qAyOoUUTwLoRK6oJ","ip":"::ffff:127.0.0.1","tests":[{"currentSegmentIndex":1,"segments":[{"index":0,"status":"completed","timeStarted":1610711213478,"timeCompleted":1610711213480,"result":"passed"},{"index":1,"status":"started","timeStarted":1610711213501,"timeCompleted":null,"result":"pending"}],"name":"Web Browser XSS Protection Not Enabled","path":"","timeCompleted":null,"timeStarted":1610711213478}]}},"maxIterations":"1","currentIteration":1,"currentTestIndex":0,"currentSegmentIndex":1,"label":"Session 1610711210","result":"pending","status":"started","tests":[{"actions":[],"currentIteration":1,"currentSegmentIndex":0,"isDataDriven":false,"name":"Web Browser XSS Protection Not Enabled","path":"","result":"pending","status":"pending","segments":[{"index":0,"result":"passed","status":"completed","timeStarted":1610711213478,"timeCompleted":1610711213480},{"index":1,"result":"pending","status":"pending","timeStarted":1610711213501}],"tags":[],"timeStarted":1610711213478}],"timeCreated":1610711209951,"timeStarted":1610711213478,"timeCompleted":null,"lastActivity":1610711213501,"_id":"ut1KwM2LSssPOBir","actorTags":[],"environment":""}
{"id":1610711210,"actors":{"9054":{"id":9054,"lastSeenTime":1610711208257,"testSessionId":1610711210,"type":"WEB","tags":[],"_id":"qAyOoUUTwLoRK6oJ","ip":"::ffff:127.0.0.1","tests":[{"currentSegmentIndex":1,"segments":[{"index":0,"status":"completed","timeStarted":1610711213478,"timeCompleted":1610711213480,"result":"passed"},{"index":1,"status":"started","timeStarted":1610711213501,"timeCompleted":null,"result":"pending"}],"name":"Web Browser XSS Protection Not Enabled","path":"","timeCompleted":null,"timeStarted":1610711213478}]}},"maxIterations":"1","currentIteration":1,"currentTestIndex":0,"currentSegmentIndex":1,"label":"Session 1610711210","result":"cancelled","status":"completed","tests":[{"actions":[],"currentIteration":1,"currentSegmentIndex":0,"isDataDriven":false,"name":"Web Browser XSS Protection Not Enabled","path":"","result":"cancelled","status":"completed","segments":[{"index":0,"result":"passed","status":"completed","timeStarted":1610711213478,"timeCompleted":1610711213480},{"index":1,"result":"pending","status":"pending","timeStarted":1610711213501}],"tags":[],"timeStarted":1610711213478}],"timeCreated":1610711209951,"timeStarted":1610711213478,"timeCompleted":1610711216165,"lastActivity":1610711213501,"_id":"ut1KwM2LSssPOBir","actorTags":[],"environment":""}
{"$$deleted":true,"_id":"ut1KwM2LSssPOBir"}
{"id":1610711219,"actors":{},"maxIterations":1,"currentIteration":1,"currentTestIndex":0,"currentSegmentIndex":0,"label":"Session 1610711192 2","result":"pending","status":"acquiring-actors","tests":[],"timeCreated":1610711219484,"timeStarted":null,"timeCompleted":null,"lastActivity":1610711219484,"_id":"Cp7B6wJDVZBO43ox"}
{"id":1610711219,"actors":{},"maxIterations":"1","currentIteration":1,"currentTestIndex":0,"currentSegmentIndex":0,"label":"Session 1610711192 2","result":"pending","status":"acquiring-actors","tests":[{"actions":[],"currentIteration":1,"currentSegmentIndex":0,"isDataDriven":false,"name":"Web Browser XSS Protection Not Enabled","path":"","result":"pending","status":"pending","segments":[{"index":0,"result":"pending","status":"pending"},{"index":1,"result":"pending","status":"pending"}],"tags":[]}],"timeCreated":1610711219484,"timeStarted":null,"timeCompleted":null,"lastActivity":1610711219484,"_id":"Cp7B6wJDVZBO43ox","actorTags":[],"environment":""}
{"id":1610711219,"actors":{"9054":{"id":9054,"lastSeenTime":1610711218279,"testSessionId":1610711219,"type":"WEB","tags":[],"_id":"qAyOoUUTwLoRK6oJ","ip":"::ffff:127.0.0.1","tests":[]}},"maxIterations":"1","currentIteration":1,"currentTestIndex":0,"currentSegmentIndex":0,"label":"Session 1610711192 2","result":"pending","status":"started","tests":[{"actions":[],"currentIteration":1,"currentSegmentIndex":0,"isDataDriven":false,"name":"Web Browser XSS Protection Not Enabled","path":"","result":"pending","status":"pending","segments":[{"index":0,"result":"pending","status":"pending"},{"index":1,"result":"pending","status":"pending"}],"tags":[]}],"timeCreated":1610711219484,"timeStarted":null,"timeCompleted":null,"lastActivity":1610711219484,"_id":"Cp7B6wJDVZBO43ox","actorTags":[],"environment":""}
{"id":1610711219,"actors":{"9054":{"id":9054,"lastSeenTime":1610711218279,"testSessionId":1610711219,"type":"WEB","tags":[],"_id":"qAyOoUUTwLoRK6oJ","ip":"::ffff:127.0.0.1","tests":[{"currentSegmentIndex":0,"segments":[{"index":0,"status":"started","timeStarted":1610711223364,"timeCompleted":null,"result":"pending"}],"name":"Web Browser XSS Protection Not Enabled","path":"","timeCompleted":null,"timeStarted":1610711223364}]}},"maxIterations":"1","currentIteration":1,"currentTestIndex":0,"currentSegmentIndex":0,"label":"Session 1610711192 2","result":"pending","status":"started","tests":[{"actions":[],"currentIteration":1,"currentSegmentIndex":0,"isDataDriven":false,"name":"Web Browser XSS Protection Not Enabled","path":"","result":"pending","status":"pending","segments":[{"index":0,"result":"pending","status":"pending","timeStarted":1610711223364},{"index":1,"result":"pending","status":"pending"}],"tags":[],"timeStarted":1610711223364}],"timeCreated":1610711219484,"timeStarted":1610711223364,"timeCompleted":null,"lastActivity":1610711223363,"_id":"Cp7B6wJDVZBO43ox","actorTags":[],"environment":""}
{"id":1610711219,"actors":{"9054":{"id":9054,"lastSeenTime":1610711218279,"testSessionId":1610711219,"type":"WEB","tags":[],"_id":"qAyOoUUTwLoRK6oJ","ip":"::ffff:127.0.0.1","tests":[{"currentSegmentIndex":0,"segments":[{"index":0,"status":"completed","timeStarted":1610711223364,"timeCompleted":1610711223366,"result":"passed"}],"name":"Web Browser XSS Protection Not Enabled","path":"","timeCompleted":null,"timeStarted":1610711223364}]}},"maxIterations":"1","currentIteration":1,"currentTestIndex":0,"currentSegmentIndex":1,"label":"Session 1610711192 2","result":"pending","status":"started","tests":[{"actions":[],"currentIteration":1,"currentSegmentIndex":0,"isDataDriven":false,"name":"Web Browser XSS Protection Not Enabled","path":"","result":"pending","status":"pending","segments":[{"index":0,"result":"passed","status":"completed","timeStarted":1610711223364,"timeCompleted":1610711223366},{"index":1,"result":"pending","status":"pending"}],"tags":[],"timeStarted":1610711223364}],"timeCreated":1610711219484,"timeStarted":1610711223364,"timeCompleted":null,"lastActivity":1610711223366,"_id":"Cp7B6wJDVZBO43ox","actorTags":[],"environment":""}
{"id":1610711219,"actors":{"9054":{"id":9054,"lastSeenTime":1610711218279,"testSessionId":1610711219,"type":"WEB","tags":[],"_id":"qAyOoUUTwLoRK6oJ","ip":"::ffff:127.0.0.1","tests":[{"currentSegmentIndex":1,"segments":[{"index":0,"status":"completed","timeStarted":1610711223364,"timeCompleted":1610711223366,"result":"passed"},{"index":1,"status":"started","timeStarted":1610711223376,"timeCompleted":null,"result":"pending"}],"name":"Web Browser XSS Protection Not Enabled","path":"","timeCompleted":null,"timeStarted":1610711223364}]}},"maxIterations":"1","currentIteration":1,"currentTestIndex":0,"currentSegmentIndex":1,"label":"Session 1610711192 2","result":"pending","status":"started","tests":[{"actions":[],"currentIteration":1,"currentSegmentIndex":0,"isDataDriven":false,"name":"Web Browser XSS Protection Not Enabled","path":"","result":"pending","status":"pending","segments":[{"index":0,"result":"passed","status":"completed","timeStarted":1610711223364,"timeCompleted":1610711223366},{"index":1,"result":"pending","status":"pending","timeStarted":1610711223376}],"tags":[],"timeStarted":1610711223364}],"timeCreated":1610711219484,"timeStarted":1610711223364,"timeCompleted":null,"lastActivity":1610711223376,"_id":"Cp7B6wJDVZBO43ox","actorTags":[],"environment":""}
{"id":1610711219,"actors":{"9054":{"id":9054,"lastSeenTime":1610711218279,"testSessionId":1610711219,"type":"WEB","tags":[],"_id":"qAyOoUUTwLoRK6oJ","ip":"::ffff:127.0.0.1","tests":[{"currentSegmentIndex":1,"segments":[{"index":0,"status":"completed","timeStarted":1610711223364,"timeCompleted":1610711223366,"result":"passed"},{"index":1,"status":"completed","timeStarted":1610711223376,"timeCompleted":1610711229019,"result":"passed"}],"name":"Web Browser XSS Protection Not Enabled","path":"","timeCompleted":null,"timeStarted":1610711223364}]}},"maxIterations":"1","currentIteration":1,"currentTestIndex":1,"currentSegmentIndex":0,"label":"Session 1610711192 2","result":"pending","status":"started","tests":[{"actions":[{"action":"org.getopentest.selenium.NavigateTo","actorType":"WEB","args":{"url":"http://localhost:3000/"},"isCheckpoint":false,"description":"Navigate to the Page http://localhost:3000/","durationMs":5631,"macroStack":[],"result":"passed","segment":1}],"currentIteration":1,"currentSegmentIndex":0,"isDataDriven":false,"name":"Web Browser XSS Protection Not Enabled","path":"","result":"passed","status":"completed","segments":[{"index":0,"result":"passed","status":"completed","timeStarted":1610711223364,"timeCompleted":1610711223366},{"index":1,"result":"passed","status":"completed","timeStarted":1610711223376,"timeCompleted":1610711229019}],"tags":[],"timeStarted":1610711223364,"timeCompleted":1610711229019}],"timeCreated":1610711219484,"timeStarted":1610711223364,"timeCompleted":null,"lastActivity":1610711229018,"_id":"Cp7B6wJDVZBO43ox","actorTags":[],"environment":"","currentDataRecordIndex":-1}
{"id":1610711219,"actors":{"9054":{"id":9054,"lastSeenTime":1610711218279,"testSessionId":1610711219,"type":"WEB","tags":[],"_id":"qAyOoUUTwLoRK6oJ","ip":"::ffff:127.0.0.1","tests":[{"currentSegmentIndex":1,"segments":[{"index":0,"status":"completed","timeStarted":1610711223364,"timeCompleted":1610711223366,"result":"passed"},{"index":1,"status":"completed","timeStarted":1610711223376,"timeCompleted":1610711229019,"result":"passed"}],"name":"Web Browser XSS Protection Not Enabled","path":"","timeCompleted":null,"timeStarted":1610711223364}]}},"maxIterations":"1","currentIteration":1,"currentTestIndex":1,"currentSegmentIndex":0,"label":"Session 1610711192 2","result":"passed","status":"completed","tests":[{"actions":[{"action":"org.getopentest.selenium.NavigateTo","actorType":"WEB","args":{"url":"http://localhost:3000/"},"isCheckpoint":false,"description":"Navigate to the Page http://localhost:3000/","durationMs":5631,"macroStack":[],"result":"passed","segment":1}],"currentIteration":1,"currentSegmentIndex":0,"isDataDriven":false,"name":"Web Browser XSS Protection Not Enabled","path":"","result":"passed","status":"completed","segments":[{"index":0,"result":"passed","status":"completed","timeStarted":1610711223364,"timeCompleted":1610711223366},{"index":1,"result":"passed","status":"completed","timeStarted":1610711223376,"timeCompleted":1610711229019}],"tags":[],"timeStarted":1610711223364,"timeCompleted":1610711229019}],"timeCreated":1610711219484,"timeStarted":1610711223364,"timeCompleted":1610711229019,"lastActivity":1610711229018,"_id":"Cp7B6wJDVZBO43ox","actorTags":[],"environment":"","currentDataRecordIndex":-1}
